INFO:root:Search Configuration:
Opponent: MINIMAX
Rounds: 10
Fair Matches: True
Time Limit: 1000
Processes: 4
Debug Mode: False
INFO:isolation:Initial game state: Isolation(board=41523161203939122082683632224299007, ply_count=0, locs=(None, None))
First agent: Agent(agent_class=<class 'sample_players.MinimaxPlayer'>, name='Minimax Agent')
Second agent: Agent(agent_class=<class 'my_custom_player.CustomPlayer'>, name='Custom Agent')

INFO:isolation:Initial game state: Isolation(board=41523161203939122082683632224299007, ply_count=0, locs=(None, None))
First agent: Agent(agent_class=<class 'my_custom_player.CustomPlayer'>, name='Custom Agent')
Second agent: Agent(agent_class=<class 'sample_players.MinimaxPlayer'>, name='Minimax Agent')

INFO:isolation:Initial game state: Isolation(board=41523161203939122082683632224299007, ply_count=0, locs=(None, None))
First agent: Agent(agent_class=<class 'sample_players.MinimaxPlayer'>, name='Minimax Agent')
Second agent: Agent(agent_class=<class 'my_custom_player.CustomPlayer'>, name='Custom Agent')

INFO:isolation:Initial game state: Isolation(board=41523161203939122082683632224299007, ply_count=0, locs=(None, None))
First agent: Agent(agent_class=<class 'my_custom_player.CustomPlayer'>, name='Custom Agent')
Second agent: Agent(agent_class=<class 'sample_players.MinimaxPlayer'>, name='Minimax Agent')

INFO:isolation:Status: Status.GAME_OVER
Final State: Isolation(board=40711758318854967738848318352531733, ply_count=60, locs=(10, 35))
History: [15, 48, <Action.NNE: 25>, <Action.NNE: 25>, <Action.NNE: 25>, <Action.ENE: 11>, <Action.WSW: -11>, <Action.NNE: 25>, <Action.NNE: 25>, <Action.ESE: -15>, <Action.WSW: -11>, <Action.SSE: -27>, <Action.WNW: 15>, <Action.NNE: 25>, <Action.SSE: -27>, <Action.WSW: -11>, <Action.WSW: -11>, <Action.WSW: -11>, <Action.SSW: -25>, <Action.WSW: -11>, <Action.ENE: 11>, <Action.ESE: -15>, <Action.NNW: 27>, <Action.ENE: 11>, <Action.ESE: -15>, <Action.NNW: 27>, <Action.SSE: -27>, <Action.NNE: 25>, <Action.ESE: -15>, <Action.WSW: -11>, <Action.NNE: 25>, <Action.SSW: -25>, <Action.WNW: 15>, <Action.SSW: -25>, <Action.NNE: 25>, <Action.ENE: 11>, <Action.NNE: 25>, <Action.ESE: -15>, <Action.WSW: -11>, <Action.SSW: -25>, <Action.SSE: -27>, <Action.WSW: -11>, <Action.SSW: -25>, <Action.NNW: 27>, <Action.ENE: 11>, <Action.ESE: -15>, <Action.SSW: -25>, <Action.WSW: -11>, <Action.WSW: -11>, <Action.NNW: 27>, <Action.NNW: 27>, <Action.SSW: -25>, <Action.SSW: -25>, <Action.NNW: 27>, <Action.NNW: 27>, <Action.ENE: 11>, <Action.WSW: -11>, <Action.WNW: 15>, <Action.WSW: -11>, <Action.SSE: -27>]
Winner: Agent(agent_class=<class 'my_custom_player.CustomPlayer'>, name='Custom Agent')
Loser: Agent(agent_class=<class 'sample_players.MinimaxPlayer'>, name='Minimax Agent')

INFO:isolation:Initial game state: Isolation(board=41523161203939122082683632224299007, ply_count=0, locs=(None, None))
First agent: Agent(agent_class=<class 'sample_players.MinimaxPlayer'>, name='Minimax Agent')
Second agent: Agent(agent_class=<class 'my_custom_player.CustomPlayer'>, name='Custom Agent')

INFO:isolation:Status: Status.GAME_OVER
Final State: Isolation(board=37465604132832564658144043579041695, ply_count=58, locs=(61, 71))
History: [75, 15, <Action.ENE: 11>, <Action.NNE: 25>, <Action.NNE: 25>, <Action.NNE: 25>, <Action.ESE: -15>, <Action.WSW: -11>, <Action.ENE: 11>, <Action.NNE: 25>, <Action.SSW: -25>, <Action.WSW: -11>, <Action.ESE: -15>, <Action.WNW: 15>, <Action.NNE: 25>, <Action.SSE: -27>, <Action.WSW: -11>, <Action.WSW: -11>, <Action.WSW: -11>, <Action.SSE: -27>, <Action.NNE: 25>, <Action.NNE: 25>, <Action.ESE: -15>, <Action.WNW: 15>, <Action.SSE: -27>, <Action.ENE: 11>, <Action.WSW: -11>, <Action.WNW: 15>, <Action.WSW: -11>, <Action.SSE: -27>, <Action.WSW: -11>, <Action.SSW: -25>, <Action.ESE: -15>, <Action.ESE: -15>, <Action.NNE: 25>, <Action.WSW: -11>, <Action.WSW: -11>, <Action.NNW: 27>, <Action.NNE: 25>, <Action.WNW: 15>, <Action.WNW: 15>, <Action.NNE: 25>, <Action.SSW: -25>, <Action.NNE: 25>, <Action.WNW: 15>, <Action.WSW: -11>, <Action.ENE: 11>, <Action.ESE: -15>, <Action.NNE: 25>, <Action.SSW: -25>, <Action.NNE: 25>, <Action.WNW: 15>, <Action.WSW: -11>, <Action.SSE: -27>, <Action.WSW: -11>, <Action.ENE: 11>, <Action.SSE: -27>, <Action.NNE: 25>]
Winner: Agent(agent_class=<class 'my_custom_player.CustomPlayer'>, name='Custom Agent')
Loser: Agent(agent_class=<class 'sample_players.MinimaxPlayer'>, name='Minimax Agent')

INFO:isolation:Initial game state: Isolation(board=41523161203939122082683632224299007, ply_count=0, locs=(None, None))
First agent: Agent(agent_class=<class 'my_custom_player.CustomPlayer'>, name='Custom Agent')
Second agent: Agent(agent_class=<class 'sample_players.MinimaxPlayer'>, name='Minimax Agent')

INFO:isolation:Status: Status.INVALID_MOVE
Final State: Isolation(board=24564241177411432072226392363894211, ply_count=73, locs=(35, 9))
History: [47, 66, <Action.NNE: 25>, <Action.NNE: 25>, <Action.NNE: 25>, <Action.WSW: -11>, <Action.ESE: -15>, <Action.ESE: -15>, <Action.ENE: 11>, <Action.WSW: -11>, <Action.ESE: -15>, <Action.WSW: -11>, <Action.SSW: -25>, <Action.SSE: -27>, <Action.WSW: -11>, <Action.WSW: -11>, <Action.WNW: 15>, <Action.NNE: 25>, <Action.SSW: -25>, <Action.WSW: -11>, <Action.NNW: 27>, <Action.NNW: 27>, <Action.WSW: -11>, <Action.NNE: 25>, <Action.ESE: -15>, <Action.NNE: 25>, <Action.NNE: 25>, <Action.ESE: -15>, <Action.NNE: 25>, <Action.SSW: -25>, <Action.NNW: 27>, <Action.ENE: 11>, <Action.ESE: -15>, <Action.SSE: -27>, <Action.ENE: 11>, <Action.SSE: -27>, <Action.SSE: -27>, <Action.WSW: -11>, <Action.SSE: -27>, <Action.NNW: 27>, <Action.WSW: -11>, <Action.WSW: -11>, <Action.ESE: -15>, <Action.ESE: -15>, <Action.WSW: -11>, <Action.ENE: 11>, <Action.WSW: -11>, <Action.NNE: 25>, <Action.NNW: 27>, <Action.WSW: -11>, <Action.WSW: -11>, <Action.NNW: 27>, <Action.NNE: 25>, <Action.WSW: -11>, <Action.NNE: 25>, <Action.NNE: 25>, <Action.WNW: 15>, <Action.WNW: 15>, <Action.SSW: -25>, <Action.WSW: -11>, <Action.WSW: -11>, <Action.WNW: 15>, <Action.NNE: 25>, <Action.NNE: 25>, <Action.NNW: 27>, <Action.SSE: -27>, <Action.ENE: 11>, <Action.SSW: -25>, <Action.SSW: -25>, <Action.SSW: -25>, <Action.SSW: -25>, <Action.SSE: -27>, <Action.SSE: -27>]
Winner: Agent(agent_class=<class 'sample_players.MinimaxPlayer'>, name='Minimax Agent')
Loser: Agent(agent_class=<class 'my_custom_player.CustomPlayer'>, name='Custom Agent')

INFO:isolation:Initial game state: Isolation(board=41523161203939122082683632224299007, ply_count=0, locs=(None, None))
First agent: Agent(agent_class=<class 'sample_players.MinimaxPlayer'>, name='Minimax Agent')
Second agent: Agent(agent_class=<class 'my_custom_player.CustomPlayer'>, name='Custom Agent')

INFO:isolation:Status: Status.GAME_OVER
Final State: Isolation(board=1604853092969451166281379805751223, ply_count=64, locs=(35, 114))
History: [108, 27, <Action.ESE: -15>, <Action.NNE: 25>, <Action.ESE: -15>, <Action.WNW: 15>, <Action.SSW: -25>, <Action.SSE: -27>, <Action.SSW: -25>, <Action.SSW: -25>, <Action.SSW: -25>, <Action.WNW: 15>, <Action.WNW: 15>, <Action.NNE: 25>, <Action.NNE: 25>, <Action.NNE: 25>, <Action.NNE: 25>, <Action.WSW: -11>, <Action.SSE: -27>, <Action.SSE: -27>, <Action.WNW: 15>, <Action.WSW: -11>, <Action.NNE: 25>, <Action.WSW: -11>, <Action.WSW: -11>, <Action.NNE: 25>, <Action.NNE: 25>, <Action.WSW: -11>, <Action.WSW: -11>, <Action.NNE: 25>, <Action.NNE: 25>, <Action.ESE: -15>, <Action.ESE: -15>, <Action.SSW: -25>, <Action.WSW: -11>, <Action.NNW: 27>, <Action.SSW: -25>, <Action.NNE: 25>, <Action.SSW: -25>, <Action.WSW: -11>, <Action.SSE: -27>, <Action.WNW: 15>, <Action.ENE: 11>, <Action.NNE: 25>, <Action.WNW: 15>, <Action.ENE: 11>, <Action.WNW: 15>, <Action.ESE: -15>, <Action.NNW: 27>, <Action.WSW: -11>, <Action.NNE: 25>, <Action.NNW: 27>, <Action.SSE: -27>, <Action.ESE: -15>, <Action.WSW: -11>, <Action.WSW: -11>, <Action.NNW: 27>, <Action.NNW: 27>, <Action.ESE: -15>, <Action.ESE: -15>, <Action.WSW: -11>, <Action.WSW: -11>, <Action.SSE: -27>, <Action.NNW: 27>]
Winner: Agent(agent_class=<class 'my_custom_player.CustomPlayer'>, name='Custom Agent')
Loser: Agent(agent_class=<class 'sample_players.MinimaxPlayer'>, name='Minimax Agent')

INFO:isolation:Initial game state: Isolation(board=41523161203939122082683632224299007, ply_count=0, locs=(None, None))
First agent: Agent(agent_class=<class 'my_custom_player.CustomPlayer'>, name='Custom Agent')
Second agent: Agent(agent_class=<class 'sample_players.MinimaxPlayer'>, name='Minimax Agent')

INFO:isolation:Status: Status.GAME_OVER
Final State: Isolation(board=36633842283554134165762022580430723, ply_count=68, locs=(21, 31))
History: [48, 18, <Action.NNE: 25>, <Action.NNE: 25>, <Action.NNE: 25>, <Action.NNE: 25>, <Action.ENE: 11>, <Action.WSW: -11>, <Action.ESE: -15>, <Action.ESE: -15>, <Action.SSE: -27>, <Action.ENE: 11>, <Action.SSE: -27>, <Action.SSE: -27>, <Action.WNW: 15>, <Action.WNW: 15>, <Action.WNW: 15>, <Action.SSW: -25>, <Action.ENE: 11>, <Action.WSW: -11>, <Action.SSW: -25>, <Action.WNW: 15>, <Action.WSW: -11>, <Action.WNW: 15>, <Action.WSW: -11>, <Action.NNE: 25>, <Action.NNE: 25>, <Action.ENE: 11>, <Action.NNE: 25>, <Action.NNE: 25>, <Action.ESE: -15>, <Action.WNW: 15>, <Action.WSW: -11>, <Action.SSW: -25>, <Action.NNE: 25>, <Action.ENE: 11>, <Action.WSW: -11>, <Action.ENE: 11>, <Action.SSW: -25>, <Action.ESE: -15>, <Action.ESE: -15>, <Action.ENE: 11>, <Action.ESE: -15>, <Action.SSW: -25>, <Action.ESE: -15>, <Action.SSW: -25>, <Action.NNW: 27>, <Action.ENE: 11>, <Action.ESE: -15>, <Action.WNW: 15>, <Action.WSW: -11>, <Action.WNW: 15>, <Action.NNW: 27>, <Action.WNW: 15>, <Action.ESE: -15>, <Action.SSW: -25>, <Action.WSW: -11>, <Action.WSW: -11>, <Action.WNW: 15>, <Action.NNE: 25>, <Action.NNE: 25>, <Action.WSW: -11>, <Action.WSW: -11>, <Action.SSE: -27>, <Action.SSE: -27>, <Action.ESE: -15>, <Action.WNW: 15>, <Action.ESE: -15>]
Winner: Agent(agent_class=<class 'my_custom_player.CustomPlayer'>, name='Custom Agent')
Loser: Agent(agent_class=<class 'sample_players.MinimaxPlayer'>, name='Minimax Agent')

INFO:isolation:Initial game state: Isolation(board=41523161203939122082683632224299007, ply_count=0, locs=(None, None))
First agent: Agent(agent_class=<class 'sample_players.MinimaxPlayer'>, name='Minimax Agent')
Second agent: Agent(agent_class=<class 'my_custom_player.CustomPlayer'>, name='Custom Agent')

INFO:isolation:Status: Status.INVALID_MOVE
Final State: Isolation(board=39067731431156926481578154126223291, ply_count=69, locs=(74, 98))
History: [22, 83, <Action.NNE: 25>, <Action.NNE: 25>, <Action.NNE: 25>, <Action.ESE: -15>, <Action.NNE: 25>, <Action.ENE: 11>, <Action.ESE: -15>, <Action.SSW: -25>, <Action.NNE: 25>, <Action.SSE: -27>, <Action.SSE: -27>, <Action.SSW: -25>, <Action.SSE: -27>, <Action.WSW: -11>, <Action.SSW: -25>, <Action.NNE: 25>, <Action.NNW: 27>, <Action.WNW: 15>, <Action.WSW: -11>, <Action.NNE: 25>, <Action.NNE: 25>, <Action.WNW: 15>, <Action.WSW: -11>, <Action.SSW: -25>, <Action.ESE: -15>, <Action.WNW: 15>, <Action.WSW: -11>, <Action.SSE: -27>, <Action.NNE: 25>, <Action.WSW: -11>, <Action.WSW: -11>, <Action.ESE: -15>, <Action.SSE: -27>, <Action.ESE: -15>, <Action.ENE: 11>, <Action.NNW: 27>, <Action.ESE: -15>, <Action.NNE: 25>, <Action.NNE: 25>, <Action.NNE: 25>, <Action.NNE: 25>, <Action.WNW: 15>, <Action.WSW: -11>, <Action.SSW: -25>, <Action.ESE: -15>, <Action.SSW: -25>, <Action.SSW: -25>, <Action.SSW: -25>, <Action.WNW: 15>, <Action.ESE: -15>, <Action.SSE: -27>, <Action.ENE: 11>, <Action.WNW: 15>, <Action.ENE: 11>, <Action.WSW: -11>, <Action.NNE: 25>, <Action.WNW: 15>, <Action.NNW: 27>, <Action.WNW: 15>, <Action.WNW: 15>, <Action.NNE: 25>, <Action.SSW: -25>, <Action.NNW: 27>, <Action.WSW: -11>, <Action.ENE: 11>, <Action.NNE: 25>, <Action.SSW: -25>]
Winner: Agent(agent_class=<class 'sample_players.MinimaxPlayer'>, name='Minimax Agent')
Loser: Agent(agent_class=<class 'my_custom_player.CustomPlayer'>, name='Custom Agent')

INFO:isolation:Initial game state: Isolation(board=41523161203939122082683632224299007, ply_count=0, locs=(None, None))
First agent: Agent(agent_class=<class 'my_custom_player.CustomPlayer'>, name='Custom Agent')
Second agent: Agent(agent_class=<class 'sample_players.MinimaxPlayer'>, name='Minimax Agent')

INFO:isolation:Status: Status.GAME_OVER
Final State: Isolation(board=37220831669404667563602185895937737, ply_count=71, locs=(5, 74))
History: [66, 18, <Action.NNE: 25>, <Action.NNE: 25>, <Action.WSW: -11>, <Action.NNE: 25>, <Action.SSE: -27>, <Action.SSE: -27>, <Action.NNE: 25>, <Action.WSW: -11>, <Action.WSW: -11>, <Action.WSW: -11>, <Action.SSW: -25>, <Action.NNE: 25>, <Action.WNW: 15>, <Action.NNE: 25>, <Action.SSW: -25>, <Action.NNW: 27>, <Action.NNW: 27>, <Action.SSW: -25>, <Action.NNE: 25>, <Action.ESE: -15>, <Action.WNW: 15>, <Action.SSW: -25>, <Action.ENE: 11>, <Action.WSW: -11>, <Action.SSW: -25>, <Action.WNW: 15>, <Action.SSW: -25>, <Action.ENE: 11>, <Action.ESE: -15>, <Action.SSW: -25>, <Action.NNE: 25>, <Action.WNW: 15>, <Action.ENE: 11>, <Action.NNE: 25>, <Action.NNE: 25>, <Action.NNE: 25>, <Action.SSE: -27>, <Action.NNE: 25>, <Action.SSE: -27>, <Action.WSW: -11>, <Action.SSW: -25>, <Action.SSE: -27>, <Action.SSW: -25>, <Action.NNE: 25>, <Action.ENE: 11>, <Action.ESE: -15>, <Action.NNW: 27>, <Action.NNE: 25>, <Action.WNW: 15>, <Action.WSW: -11>, <Action.SSE: -27>, <Action.SSW: -25>, <Action.ENE: 11>, <Action.SSW: -25>, <Action.SSW: -25>, <Action.SSW: -25>, <Action.WNW: 15>, <Action.ENE: 11>, <Action.SSW: -25>, <Action.SSW: -25>, <Action.ENE: 11>, <Action.WNW: 15>, <Action.ENE: 11>, <Action.ENE: 11>, <Action.SSW: -25>, <Action.WNW: 15>, <Action.WNW: 15>, <Action.NNE: 25>, <Action.WSW: -11>]
Winner: Agent(agent_class=<class 'my_custom_player.CustomPlayer'>, name='Custom Agent')
Loser: Agent(agent_class=<class 'sample_players.MinimaxPlayer'>, name='Minimax Agent')

INFO:isolation:Initial game state: Isolation(board=41523161203939122082683632224299007, ply_count=0, locs=(None, None))
First agent: Agent(agent_class=<class 'sample_players.MinimaxPlayer'>, name='Minimax Agent')
Second agent: Agent(agent_class=<class 'my_custom_player.CustomPlayer'>, name='Custom Agent')

INFO:isolation:Status: Status.INVALID_MOVE
Final State: Isolation(board=31500018434401920197337111281034973, ply_count=70, locs=(74, 53))
History: [8, 95, <Action.NNE: 25>, <Action.ENE: 11>, <Action.ENE: 11>, <Action.SSE: -27>, <Action.NNE: 25>, <Action.SSE: -27>, <Action.NNE: 25>, <Action.WSW: -11>, <Action.SSE: -27>, <Action.SSW: -25>, <Action.SSW: -25>, <Action.ESE: -15>, <Action.SSE: -27>, <Action.NNW: 27>, <Action.WNW: 15>, <Action.WSW: -11>, <Action.SSW: -25>, <Action.WNW: 15>, <Action.WNW: 15>, <Action.NNE: 25>, <Action.ENE: 11>, <Action.WSW: -11>, <Action.NNE: 25>, <Action.NNE: 25>, <Action.NNW: 27>, <Action.NNE: 25>, <Action.WSW: -11>, <Action.ESE: -15>, <Action.SSW: -25>, <Action.WSW: -11>, <Action.WSW: -11>, <Action.SSW: -25>, <Action.NNE: 25>, <Action.SSE: -27>, <Action.SSE: -27>, <Action.NNE: 25>, <Action.NNE: 25>, <Action.WNW: 15>, <Action.WSW: -11>, <Action.WNW: 15>, <Action.NNW: 27>, <Action.NNE: 25>, <Action.ENE: 11>, <Action.ENE: 11>, <Action.NNE: 25>, <Action.SSE: -27>, <Action.SSE: -27>, <Action.NNE: 25>, <Action.WNW: 15>, <Action.ESE: -15>, <Action.ENE: 11>, <Action.SSE: -27>, <Action.SSW: -25>, <Action.SSW: -25>, <Action.SSW: -25>, <Action.WNW: 15>, <Action.SSW: -25>, <Action.ENE: 11>, <Action.NNW: 27>, <Action.NNE: 25>, <Action.NNE: 25>, <Action.WSW: -11>, <Action.NNE: 25>, <Action.NNE: 25>, <Action.WSW: -11>, <Action.SSE: -27>, <Action.SSE: -27>, <Action.SSW: -25>]
Winner: Agent(agent_class=<class 'sample_players.MinimaxPlayer'>, name='Minimax Agent')
Loser: Agent(agent_class=<class 'my_custom_player.CustomPlayer'>, name='Custom Agent')

INFO:isolation:Initial game state: Isolation(board=41523161203939122082683632224299007, ply_count=0, locs=(None, None))
First agent: Agent(agent_class=<class 'my_custom_player.CustomPlayer'>, name='Custom Agent')
Second agent: Agent(agent_class=<class 'sample_players.MinimaxPlayer'>, name='Minimax Agent')

INFO:isolation:Status: Status.GAME_OVER
Final State: Isolation(board=38276915841643447555048830322935523, ply_count=64, locs=(99, 4))
History: [18, 39, <Action.NNE: 25>, <Action.SSW: -25>, <Action.NNE: 25>, <Action.WSW: -11>, <Action.NNE: 25>, <Action.NNE: 25>, <Action.ESE: -15>, <Action.NNE: 25>, <Action.WSW: -11>, <Action.WSW: -11>, <Action.WSW: -11>, <Action.SSW: -25>, <Action.NNE: 25>, <Action.WNW: 15>, <Action.WSW: -11>, <Action.NNE: 25>, <Action.WSW: -11>, <Action.WSW: -11>, <Action.ESE: -15>, <Action.NNE: 25>, <Action.NNE: 25>, <Action.NNE: 25>, <Action.NNE: 25>, <Action.WSW: -11>, <Action.WSW: -11>, <Action.SSE: -27>, <Action.WSW: -11>, <Action.SSE: -27>, <Action.SSW: -25>, <Action.WSW: -11>, <Action.WSW: -11>, <Action.NNE: 25>, <Action.NNE: 25>, <Action.ESE: -15>, <Action.NNE: 25>, <Action.NNE: 25>, <Action.NNE: 25>, <Action.NNE: 25>, <Action.SSE: -27>, <Action.ESE: -15>, <Action.NNE: 25>, <Action.WSW: -11>, <Action.WSW: -11>, <Action.SSE: -27>, <Action.SSW: -25>, <Action.NNE: 25>, <Action.SSW: -25>, <Action.WSW: -11>, <Action.ESE: -15>, <Action.ESE: -15>, <Action.SSW: -25>, <Action.WSW: -11>, <Action.ENE: 11>, <Action.NNE: 25>, <Action.WNW: 15>, <Action.SSE: -27>, <Action.WNW: 15>, <Action.WSW: -11>, <Action.NNE: 25>, <Action.NNW: 27>, <Action.NNE: 25>, <Action.SSW: -25>]
Winner: Agent(agent_class=<class 'my_custom_player.CustomPlayer'>, name='Custom Agent')
Loser: Agent(agent_class=<class 'sample_players.MinimaxPlayer'>, name='Minimax Agent')

INFO:isolation:Initial game state: Isolation(board=41523161203939122082683632224299007, ply_count=0, locs=(None, None))
First agent: Agent(agent_class=<class 'sample_players.MinimaxPlayer'>, name='Minimax Agent')
Second agent: Agent(agent_class=<class 'my_custom_player.CustomPlayer'>, name='Custom Agent')

INFO:isolation:Status: Status.GAME_OVER
Final State: Isolation(board=24401009189196091967148306815067171, ply_count=77, locs=(4, 106))
History: [6, 45, <Action.NNE: 25>, <Action.NNE: 25>, <Action.NNE: 25>, <Action.WSW: -11>, <Action.NNE: 25>, <Action.NNE: 25>, <Action.ENE: 11>, <Action.ESE: -15>, <Action.WNW: 15>, <Action.NNE: 25>, <Action.SSE: -27>, <Action.WSW: -11>, <Action.SSE: -27>, <Action.ESE: -15>, <Action.SSE: -27>, <Action.SSW: -25>, <Action.WSW: -11>, <Action.SSW: -25>, <Action.NNE: 25>, <Action.WSW: -11>, <Action.WNW: 15>, <Action.NNE: 25>, <Action.WSW: -11>, <Action.NNE: 25>, <Action.NNW: 27>, <Action.NNE: 25>, <Action.NNE: 25>, <Action.WNW: 15>, <Action.WSW: -11>, <Action.SSW: -25>, <Action.SSE: -27>, <Action.SSW: -25>, <Action.SSW: -25>, <Action.WNW: 15>, <Action.SSW: -25>, <Action.ENE: 11>, <Action.ENE: 11>, <Action.NNE: 25>, <Action.ENE: 11>, <Action.WNW: 15>, <Action.SSE: -27>, <Action.SSE: -27>, <Action.NNE: 25>, <Action.SSW: -25>, <Action.ENE: 11>, <Action.ESE: -15>, <Action.WNW: 15>, <Action.WSW: -11>, <Action.NNE: 25>, <Action.ESE: -15>, <Action.SSE: -27>, <Action.WSW: -11>, <Action.SSW: -25>, <Action.NNE: 25>, <Action.SSW: -25>, <Action.WNW: 15>, <Action.WNW: 15>, <Action.ENE: 11>, <Action.NNE: 25>, <Action.NNW: 27>, <Action.NNE: 25>, <Action.NNE: 25>, <Action.ENE: 11>, <Action.WSW: -11>, <Action.WNW: 15>, <Action.SSE: -27>, <Action.SSE: -27>, <Action.NNE: 25>, <Action.SSW: -25>, <Action.ENE: 11>, <Action.SSE: -27>, <Action.ESE: -15>, <Action.WNW: 15>, <Action.ENE: 11>, <Action.SSW: -25>]
Winner: Agent(agent_class=<class 'my_custom_player.CustomPlayer'>, name='Custom Agent')
Loser: Agent(agent_class=<class 'sample_players.MinimaxPlayer'>, name='Minimax Agent')

INFO:isolation:Initial game state: Isolation(board=41523161203939122082683632224299007, ply_count=0, locs=(None, None))
First agent: Agent(agent_class=<class 'my_custom_player.CustomPlayer'>, name='Custom Agent')
Second agent: Agent(agent_class=<class 'sample_players.MinimaxPlayer'>, name='Minimax Agent')

INFO:isolation:Status: Status.INVALID_MOVE
Final State: Isolation(board=23975727119714092580949597100917627, ply_count=59, locs=(35, 112))
History: [104, 88, <Action.SSW: -25>, <Action.NNE: 25>, <Action.SSE: -27>, <Action.ESE: -15>, <Action.SSW: -25>, <Action.ENE: 11>, <Action.SSW: -25>, <Action.ESE: -15>, <Action.ENE: 11>, <Action.SSE: -27>, <Action.WNW: 15>, <Action.SSW: -25>, <Action.NNE: 25>, <Action.SSE: -27>, <Action.SSE: -27>, <Action.WNW: 15>, <Action.WNW: 15>, <Action.NNE: 25>, <Action.NNE: 25>, <Action.WSW: -11>, <Action.WNW: 15>, <Action.NNE: 25>, <Action.WSW: -11>, <Action.WSW: -11>, <Action.SSE: -27>, <Action.NNE: 25>, <Action.WSW: -11>, <Action.SSE: -27>, <Action.NNE: 25>, <Action.SSW: -25>, <Action.WSW: -11>, <Action.WSW: -11>, <Action.NNE: 25>, <Action.NNE: 25>, <Action.NNE: 25>, <Action.WNW: 15>, <Action.WSW: -11>, <Action.SSE: -27>, <Action.NNE: 25>, <Action.ESE: -15>, <Action.ESE: -15>, <Action.WSW: -11>, <Action.WSW: -11>, <Action.NNW: 27>, <Action.SSW: -25>, <Action.NNW: 27>, <Action.WNW: 15>, <Action.ENE: 11>, <Action.SSE: -27>, <Action.NNE: 25>, <Action.WSW: -11>, <Action.WSW: -11>, <Action.ESE: -15>, <Action.WNW: 15>, <Action.WSW: -11>, <Action.ENE: 11>, <Action.NNE: 25>]
Winner: Agent(agent_class=<class 'sample_players.MinimaxPlayer'>, name='Minimax Agent')
Loser: Agent(agent_class=<class 'my_custom_player.CustomPlayer'>, name='Custom Agent')

INFO:isolation:Initial game state: Isolation(board=41523161203939122082683632224299007, ply_count=0, locs=(None, None))
First agent: Agent(agent_class=<class 'sample_players.MinimaxPlayer'>, name='Minimax Agent')
Second agent: Agent(agent_class=<class 'my_custom_player.CustomPlayer'>, name='Custom Agent')

INFO:isolation:Status: Status.INVALID_MOVE
Final State: Isolation(board=22149028097637489024810058190079835, ply_count=64, locs=(105, 39))
History: [36, 96, <Action.NNE: 25>, <Action.ENE: 11>, <Action.ENE: 11>, <Action.ESE: -15>, <Action.ENE: 11>, <Action.SSE: -27>, <Action.SSE: -27>, <Action.SSW: -25>, <Action.NNE: 25>, <Action.WNW: 15>, <Action.WSW: -11>, <Action.WSW: -11>, <Action.NNE: 25>, <Action.NNE: 25>, <Action.WSW: -11>, <Action.WSW: -11>, <Action.SSE: -27>, <Action.ESE: -15>, <Action.SSE: -27>, <Action.NNE: 25>, <Action.ENE: 11>, <Action.ESE: -15>, <Action.SSW: -25>, <Action.WSW: -11>, <Action.WSW: -11>, <Action.WSW: -11>, <Action.WNW: 15>, <Action.WNW: 15>, <Action.NNE: 25>, <Action.NNE: 25>, <Action.SSE: -27>, <Action.WSW: -11>, <Action.WSW: -11>, <Action.WSW: -11>, <Action.NNE: 25>, <Action.NNE: 25>, <Action.NNW: 27>, <Action.NNW: 27>, <Action.SSW: -25>, <Action.ENE: 11>, <Action.WSW: -11>, <Action.ESE: -15>, <Action.NNE: 25>, <Action.ENE: 11>, <Action.NNW: 27>, <Action.ESE: -15>, <Action.NNE: 25>, <Action.ENE: 11>, <Action.ENE: 11>, <Action.SSW: -25>, <Action.SSW: -25>, <Action.SSE: -27>, <Action.NNW: 27>, <Action.SSW: -25>, <Action.ESE: -15>, <Action.SSW: -25>, <Action.ENE: 11>, <Action.ENE: 11>, <Action.ESE: -15>, <Action.WNW: 15>, <Action.ENE: 11>, <Action.ENE: 11>]
Winner: Agent(agent_class=<class 'sample_players.MinimaxPlayer'>, name='Minimax Agent')
Loser: Agent(agent_class=<class 'my_custom_player.CustomPlayer'>, name='Custom Agent')

INFO:isolation:Initial game state: Isolation(board=41523161203939122082683632224299007, ply_count=0, locs=(None, None))
First agent: Agent(agent_class=<class 'my_custom_player.CustomPlayer'>, name='Custom Agent')
Second agent: Agent(agent_class=<class 'sample_players.MinimaxPlayer'>, name='Minimax Agent')

INFO:isolation:Status: Status.GAME_OVER
Final State: Isolation(board=34380680379471691601474019041282018, ply_count=63, locs=(29, 27))
History: [48, 91, <Action.NNE: 25>, <Action.SSW: -25>, <Action.NNE: 25>, <Action.SSE: -27>, <Action.ENE: 11>, <Action.WSW: -11>, <Action.ESE: -15>, <Action.WSW: -11>, <Action.ESE: -15>, <Action.NNE: 25>, <Action.SSW: -25>, <Action.NNE: 25>, <Action.NNW: 27>, <Action.WSW: -11>, <Action.WSW: -11>, <Action.SSW: -25>, <Action.ESE: -15>, <Action.WSW: -11>, <Action.SSW: -25>, <Action.NNE: 25>, <Action.ENE: 11>, <Action.WSW: -11>, <Action.SSE: -27>, <Action.NNE: 25>, <Action.WSW: -11>, <Action.ESE: -15>, <Action.WNW: 15>, <Action.WSW: -11>, <Action.NNE: 25>, <Action.NNE: 25>, <Action.NNE: 25>, <Action.NNE: 25>, <Action.WSW: -11>, <Action.WSW: -11>, <Action.NNE: 25>, <Action.NNE: 25>, <Action.WSW: -11>, <Action.WNW: 15>, <Action.WSW: -11>, <Action.WSW: -11>, <Action.NNE: 25>, <Action.SSE: -27>, <Action.NNE: 25>, <Action.SSE: -27>, <Action.ESE: -15>, <Action.WSW: -11>, <Action.WSW: -11>, <Action.NNE: 25>, <Action.ESE: -15>, <Action.ESE: -15>, <Action.ENE: 11>, <Action.SSE: -27>, <Action.ESE: -15>, <Action.ESE: -15>, <Action.SSW: -25>, <Action.ENE: 11>, <Action.SSE: -27>, <Action.ESE: -15>, <Action.WSW: -11>, <Action.NNW: 27>, <Action.NNW: 27>]
Winner: Agent(agent_class=<class 'my_custom_player.CustomPlayer'>, name='Custom Agent')
Loser: Agent(agent_class=<class 'sample_players.MinimaxPlayer'>, name='Minimax Agent')

INFO:isolation:Initial game state: Isolation(board=41523161203939122082683632224299007, ply_count=0, locs=(None, None))
First agent: Agent(agent_class=<class 'sample_players.MinimaxPlayer'>, name='Minimax Agent')
Second agent: Agent(agent_class=<class 'my_custom_player.CustomPlayer'>, name='Custom Agent')

INFO:isolation:Status: Status.INVALID_MOVE
Final State: Isolation(board=28865838243427826108793145379546957, ply_count=61, locs=(39, 16))
History: [1, 113, <Action.NNE: 25>, <Action.ESE: -15>, <Action.WSW: -11>, <Action.ENE: 11>, <Action.NNE: 25>, <Action.ESE: -15>, <Action.NNE: 25>, <Action.ESE: -15>, <Action.WSW: -11>, <Action.WSW: -11>, <Action.SSW: -25>, <Action.SSW: -25>, <Action.SSW: -25>, <Action.SSW: -25>, <Action.WNW: 15>, <Action.WSW: -11>, <Action.NNE: 25>, <Action.NNW: 27>, <Action.WSW: -11>, <Action.NNE: 25>, <Action.NNE: 25>, <Action.NNE: 25>, <Action.NNE: 25>, <Action.ENE: 11>, <Action.NNE: 25>, <Action.ESE: -15>, <Action.ESE: -15>, <Action.SSW: -25>, <Action.ESE: -15>, <Action.SSW: -25>, <Action.SSW: -25>, <Action.SSW: -25>, <Action.WSW: -11>, <Action.WNW: 15>, <Action.WSW: -11>, <Action.NNE: 25>, <Action.NNE: 25>, <Action.NNE: 25>, <Action.NNE: 25>, <Action.WNW: 15>, <Action.WNW: 15>, <Action.NNE: 25>, <Action.SSW: -25>, <Action.WSW: -11>, <Action.SSW: -25>, <Action.SSE: -27>, <Action.WNW: 15>, <Action.ESE: -15>, <Action.SSW: -25>, <Action.NNE: 25>, <Action.ENE: 11>, <Action.ESE: -15>, <Action.ESE: -15>, <Action.ESE: -15>, <Action.ESE: -15>, <Action.SSW: -25>, <Action.ENE: 11>, <Action.WSW: -11>, <Action.ENE: 11>]
Winner: Agent(agent_class=<class 'sample_players.MinimaxPlayer'>, name='Minimax Agent')
Loser: Agent(agent_class=<class 'my_custom_player.CustomPlayer'>, name='Custom Agent')

INFO:isolation:Initial game state: Isolation(board=41523161203939122082683632224299007, ply_count=0, locs=(None, None))
First agent: Agent(agent_class=<class 'my_custom_player.CustomPlayer'>, name='Custom Agent')
Second agent: Agent(agent_class=<class 'sample_players.MinimaxPlayer'>, name='Minimax Agent')

INFO:isolation:Status: Status.INVALID_MOVE
Final State: Isolation(board=24809855909772209080072197429782143, ply_count=60, locs=(112, 87))
History: [55, 30, <Action.NNE: 25>, <Action.ENE: 11>, <Action.ESE: -15>, <Action.NNE: 25>, <Action.SSW: -25>, <Action.SSE: -27>, <Action.WSW: -11>, <Action.WSW: -11>, <Action.NNE: 25>, <Action.NNE: 25>, <Action.WSW: -11>, <Action.WSW: -11>, <Action.SSW: -25>, <Action.WSW: -11>, <Action.WSW: -11>, <Action.NNE: 25>, <Action.NNE: 25>, <Action.WSW: -11>, <Action.WNW: 15>, <Action.NNE: 25>, <Action.NNE: 25>, <Action.NNE: 25>, <Action.ENE: 11>, <Action.WSW: -11>, <Action.NNE: 25>, <Action.SSW: -25>, <Action.SSE: -27>, <Action.ESE: -15>, <Action.ENE: 11>, <Action.SSW: -25>, <Action.WNW: 15>, <Action.NNW: 27>, <Action.SSW: -25>, <Action.NNE: 25>, <Action.NNW: 27>, <Action.NNE: 25>, <Action.WSW: -11>, <Action.WSW: -11>, <Action.SSW: -25>, <Action.SSE: -27>, <Action.SSW: -25>, <Action.SSW: -25>, <Action.SSE: -27>, <Action.SSW: -25>, <Action.WNW: 15>, <Action.WNW: 15>, <Action.NNE: 25>, <Action.ENE: 11>, <Action.NNW: 27>, <Action.WNW: 15>, <Action.NNE: 25>, <Action.ENE: 11>, <Action.SSE: -27>, <Action.SSW: -25>, <Action.ENE: 11>, <Action.NNW: 27>, <Action.WNW: 15>, <Action.NNE: 25>]
Winner: Agent(agent_class=<class 'sample_players.MinimaxPlayer'>, name='Minimax Agent')
Loser: Agent(agent_class=<class 'my_custom_player.CustomPlayer'>, name='Custom Agent')

INFO:isolation:Initial game state: Isolation(board=41523161203939122082683632224299007, ply_count=0, locs=(None, None))
First agent: Agent(agent_class=<class 'sample_players.MinimaxPlayer'>, name='Minimax Agent')
Second agent: Agent(agent_class=<class 'my_custom_player.CustomPlayer'>, name='Custom Agent')

INFO:isolation:Status: Status.INVALID_MOVE
Final State: Isolation(board=25783414046286565820176074073450197, ply_count=66, locs=(75, 91))
History: [81, 87, <Action.SSW: -25>, <Action.NNE: 25>, <Action.SSE: -27>, <Action.ESE: -15>, <Action.NNE: 25>, <Action.ESE: -15>, <Action.WSW: -11>, <Action.NNE: 25>, <Action.NNW: 27>, <Action.SSE: -27>, <Action.NNE: 25>, <Action.WSW: -11>, <Action.SSE: -27>, <Action.SSW: -25>, <Action.WSW: -11>, <Action.SSW: -25>, <Action.WSW: -11>, <Action.WSW: -11>, <Action.ESE: -15>, <Action.NNE: 25>, <Action.NNW: 27>, <Action.ESE: -15>, <Action.NNE: 25>, <Action.ESE: -15>, <Action.WSW: -11>, <Action.ENE: 11>, <Action.SSE: -27>, <Action.NNE: 25>, <Action.WSW: -11>, <Action.WSW: -11>, <Action.NNE: 25>, <Action.NNE: 25>, <Action.NNE: 25>, <Action.NNE: 25>, <Action.WSW: -11>, <Action.WSW: -11>, <Action.NNE: 25>, <Action.SSE: -27>, <Action.SSE: -27>, <Action.SSW: -25>, <Action.NNE: 25>, <Action.ENE: 11>, <Action.WSW: -11>, <Action.SSW: -25>, <Action.SSW: -25>, <Action.WNW: 15>, <Action.SSW: -25>, <Action.WSW: -11>, <Action.ESE: -15>, <Action.NNW: 27>, <Action.NNW: 27>, <Action.ESE: -15>, <Action.WSW: -11>, <Action.NNE: 25>, <Action.NNE: 25>, <Action.ESE: -15>, <Action.NNW: 27>, <Action.NNE: 25>, <Action.NNE: 25>, <Action.WSW: -11>, <Action.SSE: -27>, <Action.NNE: 25>, <Action.WSW: -11>, <Action.NNE: 25>]
Winner: Agent(agent_class=<class 'sample_players.MinimaxPlayer'>, name='Minimax Agent')
Loser: Agent(agent_class=<class 'my_custom_player.CustomPlayer'>, name='Custom Agent')

INFO:isolation:Initial game state: Isolation(board=41523161203939122082683632224299007, ply_count=0, locs=(None, None))
First agent: Agent(agent_class=<class 'my_custom_player.CustomPlayer'>, name='Custom Agent')
Second agent: Agent(agent_class=<class 'sample_players.MinimaxPlayer'>, name='Minimax Agent')

INFO:isolation:Status: Status.GAME_OVER
Final State: Isolation(board=28884773387345993248187222739085151, ply_count=63, locs=(78, 33))
History: [75, 69, <Action.NNE: 25>, <Action.SSW: -25>, <Action.ESE: -15>, <Action.ENE: 11>, <Action.NNE: 25>, <Action.SSE: -27>, <Action.ESE: -15>, <Action.NNE: 25>, <Action.ENE: 11>, <Action.WSW: -11>, <Action.SSW: -25>, <Action.SSE: -27>, <Action.ESE: -15>, <Action.WNW: 15>, <Action.SSW: -25>, <Action.SSW: -25>, <Action.ENE: 11>, <Action.NNW: 27>, <Action.WNW: 15>, <Action.NNE: 25>, <Action.SSE: -27>, <Action.WSW: -11>, <Action.NNE: 25>, <Action.NNE: 25>, <Action.WSW: -11>, <Action.ESE: -15>, <Action.SSW: -25>, <Action.SSW: -25>, <Action.WSW: -11>, <Action.WSW: -11>, <Action.WSW: -11>, <Action.NNW: 27>, <Action.WNW: 15>, <Action.NNE: 25>, <Action.NNW: 27>, <Action.NNW: 27>, <Action.NNE: 25>, <Action.WSW: -11>, <Action.ESE: -15>, <Action.NNE: 25>, <Action.NNE: 25>, <Action.SSE: -27>, <Action.NNE: 25>, <Action.ENE: 11>, <Action.ESE: -15>, <Action.SSE: -27>, <Action.ESE: -15>, <Action.SSE: -27>, <Action.NNE: 25>, <Action.WNW: 15>, <Action.WSW: -11>, <Action.NNE: 25>, <Action.WSW: -11>, <Action.WNW: 15>, <Action.NNE: 25>, <Action.SSW: -25>, <Action.SSE: -27>, <Action.SSW: -25>, <Action.NNE: 25>, <Action.ESE: -15>, <Action.SSE: -27>]
Winner: Agent(agent_class=<class 'my_custom_player.CustomPlayer'>, name='Custom Agent')
Loser: Agent(agent_class=<class 'sample_players.MinimaxPlayer'>, name='Minimax Agent')

INFO:isolation:Status: Status.INVALID_MOVE
Final State: Isolation(board=36491870402524447363267162561201867, ply_count=68, locs=(19, 86))
History: [82, 99, <Action.NNE: 25>, <Action.ENE: 11>, <Action.ESE: -15>, <Action.ESE: -15>, <Action.SSE: -27>, <Action.ESE: -15>, <Action.SSW: -25>, <Action.SSE: -27>, <Action.SSW: -25>, <Action.SSE: -27>, <Action.WSW: -11>, <Action.WNW: 15>, <Action.NNE: 25>, <Action.SSW: -25>, <Action.WSW: -11>, <Action.WSW: -11>, <Action.NNE: 25>, <Action.WNW: 15>, <Action.WSW: -11>, <Action.NNE: 25>, <Action.NNE: 25>, <Action.NNE: 25>, <Action.WSW: -11>, <Action.WSW: -11>, <Action.ESE: -15>, <Action.NNE: 25>, <Action.NNE: 25>, <Action.NNW: 27>, <Action.NNW: 27>, <Action.ESE: -15>, <Action.SSW: -25>, <Action.SSW: -25>, <Action.ENE: 11>, <Action.SSE: -27>, <Action.ESE: -15>, <Action.ENE: 11>, <Action.NNW: 27>, <Action.ENE: 11>, <Action.NNW: 27>, <Action.SSE: -27>, <Action.WSW: -11>, <Action.WSW: -11>, <Action.SSW: -25>, <Action.ESE: -15>, <Action.SSW: -25>, <Action.WSW: -11>, <Action.SSW: -25>, <Action.NNE: 25>, <Action.ENE: 11>, <Action.NNE: 25>, <Action.SSW: -25>, <Action.WNW: 15>, <Action.WNW: 15>, <Action.NNW: 27>, <Action.NNE: 25>, <Action.WNW: 15>, <Action.NNW: 27>, <Action.WSW: -11>, <Action.ESE: -15>, <Action.SSW: -25>, <Action.WSW: -11>, <Action.WNW: 15>, <Action.ESE: -15>, <Action.SSE: -27>, <Action.ESE: -15>, <Action.NNE: 25>]
Winner: Agent(agent_class=<class 'sample_players.MinimaxPlayer'>, name='Minimax Agent')
Loser: Agent(agent_class=<class 'my_custom_player.CustomPlayer'>, name='Custom Agent')

INFO:isolation:Status: Status.GAME_OVER
Final State: Isolation(board=13653872352183836458542685260858491, ply_count=71, locs=(114, 79))
History: [13, 7, <Action.WSW: -11>, <Action.NNE: 25>, <Action.NNE: 25>, <Action.NNE: 25>, <Action.NNE: 25>, <Action.NNE: 25>, <Action.WSW: -11>, <Action.NNE: 25>, <Action.NNE: 25>, <Action.SSE: -27>, <Action.WSW: -11>, <Action.NNE: 25>, <Action.SSW: -25>, <Action.WSW: -11>, <Action.WNW: 15>, <Action.SSW: -25>, <Action.NNE: 25>, <Action.SSW: -25>, <Action.WSW: -11>, <Action.SSW: -25>, <Action.NNE: 25>, <Action.NNW: 27>, <Action.WSW: -11>, <Action.NNE: 25>, <Action.NNE: 25>, <Action.NNE: 25>, <Action.ESE: -15>, <Action.ESE: -15>, <Action.SSE: -27>, <Action.SSE: -27>, <Action.ENE: 11>, <Action.WSW: -11>, <Action.SSW: -25>, <Action.SSW: -25>, <Action.ENE: 11>, <Action.WNW: 15>, <Action.NNE: 25>, <Action.WNW: 15>, <Action.WNW: 15>, <Action.SSE: -27>, <Action.WNW: 15>, <Action.WNW: 15>, <Action.WSW: -11>, <Action.ENE: 11>, <Action.WNW: 15>, <Action.NNE: 25>, <Action.SSE: -27>, <Action.WSW: -11>, <Action.SSE: -27>, <Action.NNE: 25>, <Action.SSE: -27>, <Action.WSW: -11>, <Action.WSW: -11>, <Action.ESE: -15>, <Action.WSW: -11>, <Action.WSW: -11>, <Action.NNE: 25>, <Action.NNE: 25>, <Action.WSW: -11>, <Action.NNE: 25>, <Action.ESE: -15>, <Action.ENE: 11>, <Action.NNW: 27>, <Action.ESE: -15>, <Action.NNW: 27>, <Action.ENE: 11>, <Action.NNE: 25>, <Action.SSE: -27>, <Action.NNW: 27>]
Winner: Agent(agent_class=<class 'my_custom_player.CustomPlayer'>, name='Custom Agent')
Loser: Agent(agent_class=<class 'sample_players.MinimaxPlayer'>, name='Minimax Agent')

INFO:isolation:Status: Status.GAME_OVER
Final State: Isolation(board=21357543277041856027660187355850183, ply_count=72, locs=(34, 110))
History: [45, 3, <Action.NNE: 25>, <Action.ENE: 11>, <Action.NNE: 25>, <Action.NNE: 25>, <Action.ESE: -15>, <Action.WNW: 15>, <Action.WSW: -11>, <Action.WSW: -11>, <Action.WSW: -11>, <Action.NNE: 25>, <Action.NNE: 25>, <Action.NNE: 25>, <Action.SSE: -27>, <Action.WSW: -11>, <Action.WNW: 15>, <Action.ESE: -15>, <Action.NNE: 25>, <Action.SSE: -27>, <Action.WSW: -11>, <Action.SSW: -25>, <Action.SSW: -25>, <Action.WSW: -11>, <Action.SSE: -27>, <Action.WNW: 15>, <Action.WNW: 15>, <Action.NNE: 25>, <Action.ENE: 11>, <Action.SSE: -27>, <Action.SSE: -27>, <Action.NNE: 25>, <Action.NNE: 25>, <Action.ESE: -15>, <Action.SSE: -27>, <Action.NNE: 25>, <Action.SSW: -25>, <Action.WSW: -11>, <Action.ENE: 11>, <Action.NNE: 25>, <Action.WNW: 15>, <Action.WSW: -11>, <Action.WNW: 15>, <Action.SSE: -27>, <Action.SSW: -25>, <Action.NNE: 25>, <Action.WNW: 15>, <Action.NNE: 25>, <Action.NNE: 25>, <Action.NNW: 27>, <Action.ENE: 11>, <Action.WSW: -11>, <Action.SSW: -25>, <Action.WNW: 15>, <Action.NNW: 27>, <Action.SSW: -25>, <Action.NNW: 27>, <Action.NNW: 27>, <Action.ENE: 11>, <Action.WSW: -11>, <Action.SSW: -25>, <Action.SSE: -27>, <Action.SSW: -25>, <Action.NNE: 25>, <Action.SSE: -27>, <Action.WNW: 15>, <Action.ESE: -15>, <Action.SSW: -25>, <Action.WSW: -11>, <Action.ENE: 11>, <Action.NNE: 25>, <Action.ENE: 11>]
Winner: Agent(agent_class=<class 'my_custom_player.CustomPlayer'>, name='Custom Agent')
Loser: Agent(agent_class=<class 'sample_players.MinimaxPlayer'>, name='Minimax Agent')

INFO:isolation:Initial game state: Isolation(board=41523161203939122082402157247555583, ply_count=2, locs=(15, 48))
First agent: Agent(agent_class=<class 'my_custom_player.CustomPlayer'>, name='Custom Agent')
Second agent: Agent(agent_class=<class 'sample_players.MinimaxPlayer'>, name='Minimax Agent')

INFO:isolation:Initial game state: Isolation(board=41523161203901343150820675062556671, ply_count=2, locs=(75, 15))
First agent: Agent(agent_class=<class 'sample_players.MinimaxPlayer'>, name='Minimax Agent')
Second agent: Agent(agent_class=<class 'my_custom_player.CustomPlayer'>, name='Custom Agent')

INFO:isolation:Initial game state: Isolation(board=41523161203939048295566599897737215, ply_count=2, locs=(47, 66))
First agent: Agent(agent_class=<class 'my_custom_player.CustomPlayer'>, name='Custom Agent')
Second agent: Agent(agent_class=<class 'sample_players.MinimaxPlayer'>, name='Minimax Agent')

INFO:isolation:Initial game state: Isolation(board=41198642650280695355900476069505023, ply_count=2, locs=(108, 27))
First agent: Agent(agent_class=<class 'sample_players.MinimaxPlayer'>, name='Minimax Agent')
Second agent: Agent(agent_class=<class 'my_custom_player.CustomPlayer'>, name='Custom Agent')

INFO:isolation:Status: Status.GAME_OVER
Final State: Isolation(board=23997928194924534341085081729246139, ply_count=66, locs=(41, 6))
History: [<Action.NNE: 25>, <Action.NNE: 25>, <Action.NNE: 25>, <Action.NNE: 25>, <Action.WSW: -11>, <Action.ENE: 11>, <Action.NNE: 25>, <Action.SSE: -27>, <Action.WSW: -11>, <Action.ESE: -15>, <Action.SSW: -25>, <Action.SSW: -25>, <Action.SSW: -25>, <Action.SSW: -25>, <Action.WNW: 15>, <Action.WNW: 15>, <Action.NNE: 25>, <Action.NNE: 25>, <Action.NNE: 25>, <Action.SSE: -27>, <Action.WSW: -11>, <Action.WSW: -11>, <Action.NNE: 25>, <Action.NNE: 25>, <Action.SSE: -27>, <Action.NNE: 25>, <Action.ENE: 11>, <Action.NNW: 27>, <Action.SSW: -25>, <Action.SSW: -25>, <Action.SSW: -25>, <Action.SSW: -25>, <Action.WSW: -11>, <Action.WNW: 15>, <Action.NNW: 27>, <Action.NNW: 27>, <Action.NNW: 27>, <Action.NNE: 25>, <Action.NNE: 25>, <Action.SSE: -27>, <Action.ENE: 11>, <Action.SSE: -27>, <Action.ESE: -15>, <Action.SSW: -25>, <Action.ESE: -15>, <Action.ENE: 11>, <Action.ENE: 11>, <Action.WNW: 15>, <Action.SSW: -25>, <Action.NNE: 25>, <Action.SSE: -27>, <Action.NNW: 27>, <Action.SSW: -25>, <Action.SSW: -25>, <Action.WNW: 15>, <Action.SSW: -25>, <Action.SSE: -27>, <Action.SSE: -27>, <Action.NNE: 25>, <Action.SSW: -25>, <Action.WSW: -11>, <Action.ENE: 11>, <Action.NNE: 25>, <Action.ESE: -15>]
Winner: Agent(agent_class=<class 'my_custom_player.CustomPlayer'>, name='Custom Agent')
Loser: Agent(agent_class=<class 'sample_players.MinimaxPlayer'>, name='Minimax Agent')

INFO:isolation:Initial game state: Isolation(board=41523161203939122082402157247326207, ply_count=2, locs=(48, 18))
First agent: Agent(agent_class=<class 'sample_players.MinimaxPlayer'>, name='Minimax Agent')
Second agent: Agent(agent_class=<class 'my_custom_player.CustomPlayer'>, name='Custom Agent')

INFO:isolation:Status: Status.INVALID_MOVE
Final State: Isolation(board=21561226425782671262348219911317143, ply_count=67, locs=(108, 101))
History: [<Action.NNE: 25>, <Action.NNE: 25>, <Action.ENE: 11>, <Action.NNE: 25>, <Action.ESE: -15>, <Action.WSW: -11>, <Action.ENE: 11>, <Action.NNE: 25>, <Action.SSW: -25>, <Action.WSW: -11>, <Action.ESE: -15>, <Action.SSW: -25>, <Action.SSW: -25>, <Action.ESE: -15>, <Action.SSW: -25>, <Action.SSW: -25>, <Action.WSW: -11>, <Action.NNW: 27>, <Action.NNE: 25>, <Action.SSW: -25>, <Action.WSW: -11>, <Action.NNW: 27>, <Action.NNE: 25>, <Action.WNW: 15>, <Action.NNW: 27>, <Action.ENE: 11>, <Action.ESE: -15>, <Action.ENE: 11>, <Action.NNW: 27>, <Action.SSW: -25>, <Action.SSW: -25>, <Action.ENE: 11>, <Action.ENE: 11>, <Action.NNE: 25>, <Action.WNW: 15>, <Action.ENE: 11>, <Action.NNE: 25>, <Action.SSW: -25>, <Action.SSE: -27>, <Action.SSE: -27>, <Action.SSE: -27>, <Action.SSW: -25>, <Action.WNW: 15>, <Action.WNW: 15>, <Action.SSW: -25>, <Action.WSW: -11>, <Action.SSE: -27>, <Action.WNW: 15>, <Action.WSW: -11>, <Action.WSW: -11>, <Action.WNW: 15>, <Action.NNW: 27>, <Action.ENE: 11>, <Action.ENE: 11>, <Action.NNW: 27>, <Action.SSW: -25>, <Action.NNW: 27>, <Action.NNW: 27>, <Action.NNE: 25>, <Action.NNE: 25>, <Action.SSE: -27>, <Action.NNE: 25>, <Action.ENE: 11>, <Action.WSW: -11>, <Action.ENE: 11>]
Winner: Agent(agent_class=<class 'sample_players.MinimaxPlayer'>, name='Minimax Agent')
Loser: Agent(agent_class=<class 'my_custom_player.CustomPlayer'>, name='Custom Agent')

INFO:isolation:Initial game state: Isolation(board=41523161194267715525766598822455295, ply_count=2, locs=(22, 83))
First agent: Agent(agent_class=<class 'my_custom_player.CustomPlayer'>, name='Custom Agent')
Second agent: Agent(agent_class=<class 'sample_players.MinimaxPlayer'>, name='Minimax Agent')

INFO:isolation:Status: Status.GAME_OVER
Final State: Isolation(board=6797325733549580287106076452659747, ply_count=80, locs=(20, 7))
History: [<Action.NNE: 25>, <Action.NNE: 25>, <Action.ENE: 11>, <Action.WSW: -11>, <Action.NNE: 25>, <Action.ESE: -15>, <Action.ESE: -15>, <Action.SSW: -25>, <Action.ESE: -15>, <Action.NNW: 27>, <Action.SSW: -25>, <Action.SSW: -25>, <Action.SSW: -25>, <Action.SSE: -27>, <Action.SSW: -25>, <Action.WNW: 15>, <Action.WNW: 15>, <Action.NNE: 25>, <Action.NNE: 25>, <Action.WSW: -11>, <Action.NNE: 25>, <Action.NNE: 25>, <Action.SSE: -27>, <Action.WSW: -11>, <Action.WNW: 15>, <Action.SSE: -27>, <Action.NNE: 25>, <Action.WNW: 15>, <Action.WSW: -11>, <Action.NNE: 25>, <Action.NNE: 25>, <Action.NNE: 25>, <Action.WSW: -11>, <Action.WSW: -11>, <Action.NNE: 25>, <Action.SSW: -25>, <Action.SSE: -27>, <Action.ESE: -15>, <Action.SSW: -25>, <Action.WSW: -11>, <Action.SSW: -25>, <Action.NNE: 25>, <Action.ESE: -15>, <Action.WSW: -11>, <Action.ESE: -15>, <Action.NNW: 27>, <Action.NNE: 25>, <Action.NNE: 25>, <Action.NNE: 25>, <Action.ENE: 11>, <Action.NNW: 27>, <Action.SSW: -25>, <Action.SSW: -25>, <Action.SSW: -25>, <Action.ESE: -15>, <Action.NNW: 27>, <Action.SSW: -25>, <Action.NNE: 25>, <Action.WNW: 15>, <Action.ESE: -15>, <Action.SSW: -25>, <Action.SSW: -25>, <Action.WNW: 15>, <Action.WSW: -11>, <Action.WSW: -11>, <Action.NNE: 25>, <Action.NNE: 25>, <Action.NNW: 27>, <Action.SSE: -27>, <Action.ESE: -15>, <Action.WNW: 15>, <Action.SSW: -25>, <Action.WSW: -11>, <Action.SSW: -25>, <Action.NNE: 25>, <Action.SSE: -27>, <Action.ESE: -15>, <Action.ESE: -15>]
Winner: Agent(agent_class=<class 'my_custom_player.CustomPlayer'>, name='Custom Agent')
Loser: Agent(agent_class=<class 'sample_players.MinimaxPlayer'>, name='Minimax Agent')

INFO:isolation:Initial game state: Isolation(board=41523161203939048295707337385830399, ply_count=2, locs=(66, 18))
First agent: Agent(agent_class=<class 'my_custom_player.CustomPlayer'>, name='Custom Agent')
Second agent: Agent(agent_class=<class 'sample_players.MinimaxPlayer'>, name='Minimax Agent')

INFO:isolation:Status: Status.INVALID_MOVE
Final State: Isolation(board=37790092975646854084784599611795015, ply_count=69, locs=(36, 74))
History: [<Action.ESE: -15>, <Action.WSW: -11>, <Action.ESE: -15>, <Action.NNE: 25>, <Action.SSW: -25>, <Action.WSW: -11>, <Action.WSW: -11>, <Action.NNW: 27>, <Action.SSW: -25>, <Action.NNE: 25>, <Action.NNW: 27>, <Action.NNE: 25>, <Action.NNE: 25>, <Action.ESE: -15>, <Action.NNW: 27>, <Action.WSW: -11>, <Action.WSW: -11>, <Action.SSW: -25>, <Action.SSE: -27>, <Action.SSW: -25>, <Action.NNE: 25>, <Action.SSE: -27>, <Action.WSW: -11>, <Action.WNW: 15>, <Action.WSW: -11>, <Action.WSW: -11>, <Action.NNE: 25>, <Action.NNE: 25>, <Action.NNE: 25>, <Action.WNW: 15>, <Action.SSE: -27>, <Action.ENE: 11>, <Action.NNE: 25>, <Action.ENE: 11>, <Action.ESE: -15>, <Action.ESE: -15>, <Action.ESE: -15>, <Action.ESE: -15>, <Action.SSW: -25>, <Action.NNE: 25>, <Action.ESE: -15>, <Action.WNW: 15>, <Action.WSW: -11>, <Action.WNW: 15>, <Action.SSW: -25>, <Action.SSE: -27>, <Action.WNW: 15>, <Action.SSW: -25>, <Action.WSW: -11>, <Action.WSW: -11>, <Action.WNW: 15>, <Action.SSE: -27>, <Action.NNW: 27>, <Action.WNW: 15>, <Action.ENE: 11>, <Action.WNW: 15>, <Action.ENE: 11>, <Action.ENE: 11>, <Action.NNW: 27>, <Action.NNW: 27>, <Action.WSW: -11>, <Action.WNW: 15>, <Action.SSW: -25>, <Action.ENE: 11>, <Action.ESE: -15>, <Action.SSW: -25>, <Action.WSW: -11>]
Winner: Agent(agent_class=<class 'sample_players.MinimaxPlayer'>, name='Minimax Agent')
Loser: Agent(agent_class=<class 'my_custom_player.CustomPlayer'>, name='Custom Agent')

INFO:isolation:Initial game state: Isolation(board=41523121589857864950514835452323583, ply_count=2, locs=(8, 95))
First agent: Agent(agent_class=<class 'sample_players.MinimaxPlayer'>, name='Minimax Agent')
Second agent: Agent(agent_class=<class 'my_custom_player.CustomPlayer'>, name='Custom Agent')

INFO:isolation:Status: Status.INVALID_MOVE
Final State: Isolation(board=33044522102213776970482213435041483, ply_count=67, locs=(5, 52))
History: [<Action.NNE: 25>, <Action.NNE: 25>, <Action.NNE: 25>, <Action.NNE: 25>, <Action.ENE: 11>, <Action.NNE: 25>, <Action.SSE: -27>, <Action.ESE: -15>, <Action.ESE: -15>, <Action.SSW: -25>, <Action.NNE: 25>, <Action.SSE: -27>, <Action.SSE: -27>, <Action.WSW: -11>, <Action.WSW: -11>, <Action.WSW: -11>, <Action.SSW: -25>, <Action.NNW: 27>, <Action.ENE: 11>, <Action.NNE: 25>, <Action.WNW: 15>, <Action.NNW: 27>, <Action.WNW: 15>, <Action.WSW: -11>, <Action.SSW: -25>, <Action.SSW: -25>, <Action.WNW: 15>, <Action.ESE: -15>, <Action.ENE: 11>, <Action.NNE: 25>, <Action.NNE: 25>, <Action.WSW: -11>, <Action.WNW: 15>, <Action.SSE: -27>, <Action.SSE: -27>, <Action.NNE: 25>, <Action.SSW: -25>, <Action.NNE: 25>, <Action.WNW: 15>, <Action.SSE: -27>, <Action.SSW: -25>, <Action.ESE: -15>, <Action.ESE: -15>, <Action.SSW: -25>, <Action.NNW: 27>, <Action.WNW: 15>, <Action.NNE: 25>, <Action.ENE: 11>, <Action.ENE: 11>, <Action.ENE: 11>, <Action.WNW: 15>, <Action.NNW: 27>, <Action.SSE: -27>, <Action.NNE: 25>, <Action.SSE: -27>, <Action.WSW: -11>, <Action.SSW: -25>, <Action.NNE: 25>, <Action.SSW: -25>, <Action.WSW: -11>, <Action.NNW: 27>, <Action.ESE: -15>, <Action.ESE: -15>, <Action.SSE: -27>, <Action.ESE: -15>]
Winner: Agent(agent_class=<class 'sample_players.MinimaxPlayer'>, name='Minimax Agent')
Loser: Agent(agent_class=<class 'my_custom_player.CustomPlayer'>, name='Custom Agent')

INFO:isolation:Initial game state: Isolation(board=41523161203939122082683082468222975, ply_count=2, locs=(18, 39))
First agent: Agent(agent_class=<class 'sample_players.MinimaxPlayer'>, name='Minimax Agent')
Second agent: Agent(agent_class=<class 'my_custom_player.CustomPlayer'>, name='Custom Agent')

INFO:isolation:Status: Status.GAME_OVER
Final State: Isolation(board=22373414279091310623409921423722441, ply_count=65, locs=(28, 1))
History: [<Action.NNE: 25>, <Action.NNE: 25>, <Action.WSW: -11>, <Action.WNW: 15>, <Action.SSW: -25>, <Action.NNE: 25>, <Action.NNW: 27>, <Action.NNE: 25>, <Action.WSW: -11>, <Action.SSE: -27>, <Action.SSE: -27>, <Action.WSW: -11>, <Action.WNW: 15>, <Action.NNE: 25>, <Action.NNE: 25>, <Action.SSE: -27>, <Action.SSE: -27>, <Action.ESE: -15>, <Action.ESE: -15>, <Action.SSE: -27>, <Action.SSE: -27>, <Action.WNW: 15>, <Action.WSW: -11>, <Action.WNW: 15>, <Action.NNW: 27>, <Action.WSW: -11>, <Action.WSW: -11>, <Action.NNW: 27>, <Action.ESE: -15>, <Action.NNE: 25>, <Action.NNE: 25>, <Action.WNW: 15>, <Action.WSW: -11>, <Action.SSE: -27>, <Action.NNW: 27>, <Action.SSW: -25>, <Action.WNW: 15>, <Action.SSE: -27>, <Action.SSW: -25>, <Action.WNW: 15>, <Action.ENE: 11>, <Action.NNE: 25>, <Action.NNW: 27>, <Action.WNW: 15>, <Action.NNW: 27>, <Action.NNE: 25>, <Action.ESE: -15>, <Action.ESE: -15>, <Action.NNE: 25>, <Action.ENE: 11>, <Action.ESE: -15>, <Action.ESE: -15>, <Action.SSE: -27>, <Action.ESE: -15>, <Action.ESE: -15>, <Action.SSE: -27>, <Action.SSW: -25>, <Action.SSW: -25>, <Action.SSE: -27>, <Action.WSW: -11>, <Action.ENE: 11>, <Action.ESE: -15>, <Action.WNW: 15>]
Winner: Agent(agent_class=<class 'my_custom_player.CustomPlayer'>, name='Custom Agent')
Loser: Agent(agent_class=<class 'sample_players.MinimaxPlayer'>, name='Minimax Agent')

INFO:isolation:Initial game state: Isolation(board=41523161203939122082648447852210111, ply_count=2, locs=(6, 45))
First agent: Agent(agent_class=<class 'my_custom_player.CustomPlayer'>, name='Custom Agent')
Second agent: Agent(agent_class=<class 'sample_players.MinimaxPlayer'>, name='Minimax Agent')

INFO:isolation:Status: Status.GAME_OVER
Final State: Isolation(board=28621062313036380307283130395550925, ply_count=66, locs=(8, 5))
History: [<Action.NNE: 25>, <Action.NNE: 25>, <Action.NNE: 25>, <Action.ESE: -15>, <Action.NNE: 25>, <Action.ESE: -15>, <Action.ESE: -15>, <Action.SSW: -25>, <Action.NNE: 25>, <Action.NNW: 27>, <Action.WSW: -11>, <Action.ESE: -15>, <Action.ESE: -15>, <Action.SSW: -25>, <Action.NNE: 25>, <Action.SSW: -25>, <Action.SSE: -27>, <Action.ENE: 11>, <Action.WSW: -11>, <Action.SSW: -25>, <Action.SSW: -25>, <Action.WNW: 15>, <Action.WSW: -11>, <Action.WNW: 15>, <Action.NNE: 25>, <Action.WNW: 15>, <Action.SSE: -27>, <Action.NNE: 25>, <Action.NNE: 25>, <Action.SSE: -27>, <Action.WNW: 15>, <Action.SSW: -25>, <Action.SSW: -25>, <Action.ESE: -15>, <Action.WSW: -11>, <Action.NNE: 25>, <Action.NNE: 25>, <Action.WSW: -11>, <Action.WSW: -11>, <Action.WNW: 15>, <Action.NNW: 27>, <Action.NNE: 25>, <Action.NNE: 25>, <Action.ENE: 11>, <Action.ESE: -15>, <Action.NNE: 25>, <Action.NNE: 25>, <Action.WNW: 15>, <Action.WSW: -11>, <Action.WSW: -11>, <Action.WSW: -11>, <Action.WNW: 15>, <Action.ESE: -15>, <Action.SSE: -27>, <Action.WSW: -11>, <Action.SSW: -25>, <Action.NNE: 25>, <Action.SSW: -25>, <Action.SSE: -27>, <Action.SSE: -27>, <Action.SSW: -25>, <Action.ENE: 11>, <Action.SSE: -27>, <Action.ESE: -15>]
Winner: Agent(agent_class=<class 'my_custom_player.CustomPlayer'>, name='Custom Agent')
Loser: Agent(agent_class=<class 'sample_players.MinimaxPlayer'>, name='Minimax Agent')

INFO:isolation:Initial game state: Isolation(board=41502878484850460590914616248231935, ply_count=2, locs=(104, 88))
First agent: Agent(agent_class=<class 'my_custom_player.CustomPlayer'>, name='Custom Agent')
Second agent: Agent(agent_class=<class 'sample_players.MinimaxPlayer'>, name='Minimax Agent')

INFO:isolation:Status: Status.GAME_OVER
Final State: Isolation(board=1523743257968658540432691531400859, ply_count=69, locs=(114, 26))
History: [<Action.NNE: 25>, <Action.ENE: 11>, <Action.NNE: 25>, <Action.SSW: -25>, <Action.NNE: 25>, <Action.SSW: -25>, <Action.ESE: -15>, <Action.ENE: 11>, <Action.WSW: -11>, <Action.WNW: 15>, <Action.SSE: -27>, <Action.SSE: -27>, <Action.WSW: -11>, <Action.WSW: -11>, <Action.WNW: 15>, <Action.WNW: 15>, <Action.ENE: 11>, <Action.WNW: 15>, <Action.NNE: 25>, <Action.NNE: 25>, <Action.SSE: -27>, <Action.ESE: -15>, <Action.ENE: 11>, <Action.NNE: 25>, <Action.ENE: 11>, <Action.WSW: -11>, <Action.SSW: -25>, <Action.SSE: -27>, <Action.SSE: -27>, <Action.NNE: 25>, <Action.WSW: -11>, <Action.SSE: -27>, <Action.NNE: 25>, <Action.SSE: -27>, <Action.WSW: -11>, <Action.SSW: -25>, <Action.WSW: -11>, <Action.WNW: 15>, <Action.WNW: 15>, <Action.WNW: 15>, <Action.ENE: 11>, <Action.NNE: 25>, <Action.SSW: -25>, <Action.WSW: -11>, <Action.WNW: 15>, <Action.ESE: -15>, <Action.NNW: 27>, <Action.WSW: -11>, <Action.NNW: 27>, <Action.NNE: 25>, <Action.NNE: 25>, <Action.NNE: 25>, <Action.ENE: 11>, <Action.NNW: 27>, <Action.SSW: -25>, <Action.ESE: -15>, <Action.NNW: 27>, <Action.ENE: 11>, <Action.SSW: -25>, <Action.ESE: -15>, <Action.ESE: -15>, <Action.ESE: -15>, <Action.WSW: -11>, <Action.SSW: -25>, <Action.NNE: 25>, <Action.SSE: -27>, <Action.NNW: 27>]
Winner: Agent(agent_class=<class 'my_custom_player.CustomPlayer'>, name='Custom Agent')
Loser: Agent(agent_class=<class 'sample_players.MinimaxPlayer'>, name='Minimax Agent')

INFO:isolation:Initial game state: Isolation(board=41523081975776607818345969960871935, ply_count=2, locs=(36, 96))
First agent: Agent(agent_class=<class 'sample_players.MinimaxPlayer'>, name='Minimax Agent')
Second agent: Agent(agent_class=<class 'my_custom_player.CustomPlayer'>, name='Custom Agent')

INFO:isolation:Status: Status.INVALID_MOVE
Final State: Isolation(board=21076620096857223893575985560340251, ply_count=60, locs=(73, 110))
History: [<Action.NNE: 25>, <Action.NNE: 25>, <Action.NNE: 25>, <Action.NNE: 25>, <Action.NNW: 27>, <Action.ESE: -15>, <Action.NNE: 25>, <Action.ESE: -15>, <Action.ESE: -15>, <Action.SSW: -25>, <Action.SSW: -25>, <Action.SSE: -27>, <Action.ENE: 11>, <Action.WSW: -11>, <Action.SSE: -27>, <Action.WNW: 15>, <Action.SSW: -25>, <Action.WNW: 15>, <Action.WSW: -11>, <Action.NNW: 27>, <Action.NNW: 27>, <Action.NNE: 25>, <Action.SSW: -25>, <Action.NNE: 25>, <Action.WSW: -11>, <Action.SSE: -27>, <Action.NNW: 27>, <Action.SSE: -27>, <Action.ESE: -15>, <Action.WSW: -11>, <Action.ENE: 11>, <Action.WSW: -11>, <Action.SSW: -25>, <Action.NNE: 25>, <Action.WNW: 15>, <Action.ENE: 11>, <Action.WNW: 15>, <Action.NNW: 27>, <Action.ENE: 11>, <Action.SSW: -25>, <Action.ENE: 11>, <Action.WSW: -11>, <Action.WNW: 15>, <Action.WNW: 15>, <Action.SSW: -25>, <Action.NNE: 25>, <Action.WSW: -11>, <Action.ENE: 11>, <Action.NNE: 25>, <Action.SSW: -25>, <Action.NNW: 27>, <Action.ENE: 11>, <Action.NNE: 25>, <Action.WNW: 15>, <Action.ESE: -15>, <Action.SSE: -27>, <Action.SSW: -25>, <Action.NNE: 25>]
Winner: Agent(agent_class=<class 'sample_players.MinimaxPlayer'>, name='Minimax Agent')
Loser: Agent(agent_class=<class 'my_custom_player.CustomPlayer'>, name='Custom Agent')

INFO:isolation:Initial game state: Isolation(board=41523158728059043511641607449339903, ply_count=2, locs=(48, 91))
First agent: Agent(agent_class=<class 'my_custom_player.CustomPlayer'>, name='Custom Agent')
Second agent: Agent(agent_class=<class 'sample_players.MinimaxPlayer'>, name='Minimax Agent')

INFO:isolation:Status: Status.INVALID_MOVE
Final State: Isolation(board=37364023725894473502258206450198195, ply_count=71, locs=(53, 27))
History: [<Action.NNE: 25>, <Action.SSW: -25>, <Action.NNE: 25>, <Action.WSW: -11>, <Action.SSE: -27>, <Action.NNE: 25>, <Action.NNE: 25>, <Action.NNW: 27>, <Action.WNW: 15>, <Action.WSW: -11>, <Action.ENE: 11>, <Action.NNE: 25>, <Action.SSW: -25>, <Action.SSE: -27>, <Action.WSW: -11>, <Action.SSW: -25>, <Action.SSW: -25>, <Action.WSW: -11>, <Action.WSW: -11>, <Action.WNW: 15>, <Action.WNW: 15>, <Action.NNE: 25>, <Action.NNE: 25>, <Action.WNW: 15>, <Action.ENE: 11>, <Action.NNE: 25>, <Action.NNE: 25>, <Action.NNE: 25>, <Action.ENE: 11>, <Action.SSE: -27>, <Action.SSW: -25>, <Action.SSE: -27>, <Action.WNW: 15>, <Action.SSW: -25>, <Action.SSW: -25>, <Action.NNW: 27>, <Action.ENE: 11>, <Action.ENE: 11>, <Action.SSW: -25>, <Action.WNW: 15>, <Action.WSW: -11>, <Action.WSW: -11>, <Action.WNW: 15>, <Action.SSW: -25>, <Action.NNE: 25>, <Action.SSE: -27>, <Action.ENE: 11>, <Action.ENE: 11>, <Action.SSW: -25>, <Action.SSW: -25>, <Action.WNW: 15>, <Action.ENE: 11>, <Action.ENE: 11>, <Action.ENE: 11>, <Action.ENE: 11>, <Action.ESE: -15>, <Action.ESE: -15>, <Action.NNE: 25>, <Action.ENE: 11>, <Action.NNE: 25>, <Action.SSE: -27>, <Action.WSW: -11>, <Action.NNE: 25>, <Action.SSW: -25>, <Action.WSW: -11>, <Action.SSE: -27>, <Action.ESE: -15>, <Action.NNE: 25>, <Action.SSW: -25>]
Winner: Agent(agent_class=<class 'sample_players.MinimaxPlayer'>, name='Minimax Agent')
Loser: Agent(agent_class=<class 'my_custom_player.CustomPlayer'>, name='Custom Agent')

INFO:isolation:Initial game state: Isolation(board=31138567486869466825622639565858813, ply_count=2, locs=(1, 113))
First agent: Agent(agent_class=<class 'my_custom_player.CustomPlayer'>, name='Custom Agent')
Second agent: Agent(agent_class=<class 'sample_players.MinimaxPlayer'>, name='Minimax Agent')

INFO:isolation:Status: Status.GAME_OVER
Final State: Isolation(board=24951862564026963224178779315513277, ply_count=61, locs=(108, 93))
History: [<Action.SSW: -25>, <Action.NNE: 25>, <Action.SSW: -25>, <Action.ESE: -15>, <Action.ENE: 11>, <Action.ENE: 11>, <Action.SSW: -25>, <Action.SSE: -27>, <Action.SSW: -25>, <Action.SSW: -25>, <Action.NNW: 27>, <Action.ENE: 11>, <Action.NNE: 25>, <Action.WNW: 15>, <Action.NNE: 25>, <Action.SSE: -27>, <Action.WSW: -11>, <Action.WSW: -11>, <Action.ESE: -15>, <Action.NNE: 25>, <Action.WSW: -11>, <Action.SSE: -27>, <Action.NNE: 25>, <Action.WNW: 15>, <Action.WSW: -11>, <Action.SSW: -25>, <Action.SSW: -25>, <Action.WSW: -11>, <Action.SSW: -25>, <Action.NNE: 25>, <Action.WNW: 15>, <Action.ESE: -15>, <Action.NNE: 25>, <Action.ESE: -15>, <Action.NNE: 25>, <Action.WSW: -11>, <Action.WSW: -11>, <Action.NNE: 25>, <Action.SSE: -27>, <Action.ESE: -15>, <Action.NNE: 25>, <Action.ESE: -15>, <Action.NNE: 25>, <Action.NNE: 25>, <Action.WSW: -11>, <Action.WNW: 15>, <Action.SSW: -25>, <Action.SSE: -27>, <Action.SSW: -25>, <Action.NNE: 25>, <Action.NNW: 27>, <Action.WSW: -11>, <Action.NNE: 25>, <Action.NNE: 25>, <Action.NNE: 25>, <Action.NNE: 25>, <Action.ESE: -15>, <Action.WNW: 15>, <Action.ENE: 11>]
Winner: Agent(agent_class=<class 'my_custom_player.CustomPlayer'>, name='Custom Agent')
Loser: Agent(agent_class=<class 'sample_players.MinimaxPlayer'>, name='Minimax Agent')

INFO:isolation:Initial game state: Isolation(board=41523161203939122046654834131593215, ply_count=2, locs=(55, 30))
First agent: Agent(agent_class=<class 'sample_players.MinimaxPlayer'>, name='Minimax Agent')
Second agent: Agent(agent_class=<class 'my_custom_player.CustomPlayer'>, name='Custom Agent')

INFO:isolation:Status: Status.GAME_OVER
Final State: Isolation(board=38622640341439693096064795409409473, ply_count=69, locs=(106, 105))
History: [<Action.NNE: 25>, <Action.ENE: 11>, <Action.NNE: 25>, <Action.ESE: -15>, <Action.NNE: 25>, <Action.SSE: -27>, <Action.SSE: -27>, <Action.SSW: -25>, <Action.ENE: 11>, <Action.SSW: -25>, <Action.SSE: -27>, <Action.ENE: 11>, <Action.SSE: -27>, <Action.SSW: -25>, <Action.SSW: -25>, <Action.NNW: 27>, <Action.WSW: -11>, <Action.SSW: -25>, <Action.NNE: 25>, <Action.WNW: 15>, <Action.NNE: 25>, <Action.NNE: 25>, <Action.WSW: -11>, <Action.NNW: 27>, <Action.WSW: -11>, <Action.ENE: 11>, <Action.NNE: 25>, <Action.SSW: -25>, <Action.NNE: 25>, <Action.SSW: -25>, <Action.WSW: -11>, <Action.ENE: 11>, <Action.SSE: -27>, <Action.WNW: 15>, <Action.SSW: -25>, <Action.NNE: 25>, <Action.WSW: -11>, <Action.WSW: -11>, <Action.NNE: 25>, <Action.WSW: -11>, <Action.NNE: 25>, <Action.SSW: -25>, <Action.WSW: -11>, <Action.NNW: 27>, <Action.NNE: 25>, <Action.ESE: -15>, <Action.SSE: -27>, <Action.ESE: -15>, <Action.SSE: -27>, <Action.ESE: -15>, <Action.ESE: -15>, <Action.ESE: -15>, <Action.NNE: 25>, <Action.NNE: 25>, <Action.NNE: 25>, <Action.NNE: 25>, <Action.NNE: 25>, <Action.WNW: 15>, <Action.NNE: 25>, <Action.ENE: 11>, <Action.WSW: -11>, <Action.SSW: -25>, <Action.SSE: -27>, <Action.NNW: 27>, <Action.NNE: 25>, <Action.NNE: 25>, <Action.WNW: 15>]
Winner: Agent(agent_class=<class 'my_custom_player.CustomPlayer'>, name='Custom Agent')
Loser: Agent(agent_class=<class 'sample_players.MinimaxPlayer'>, name='Minimax Agent')

INFO:isolation:Initial game state: Isolation(board=41523161046778765532781839512496127, ply_count=2, locs=(81, 87))
First agent: Agent(agent_class=<class 'sample_players.MinimaxPlayer'>, name='Minimax Agent')
Second agent: Agent(agent_class=<class 'my_custom_player.CustomPlayer'>, name='Custom Agent')

INFO:isolation:Status: Status.INVALID_MOVE
Final State: Isolation(board=39250939517112699388484254859560327, ply_count=62, locs=(4, 13))
History: [<Action.NNE: 25>, <Action.SSW: -25>, <Action.NNE: 25>, <Action.SSE: -27>, <Action.ENE: 11>, <Action.SSW: -25>, <Action.ESE: -15>, <Action.WSW: -11>, <Action.ESE: -15>, <Action.NNE: 25>, <Action.SSE: -27>, <Action.NNE: 25>, <Action.WSW: -11>, <Action.WSW: -11>, <Action.SSW: -25>, <Action.SSW: -25>, <Action.WSW: -11>, <Action.WNW: 15>, <Action.NNE: 25>, <Action.NNE: 25>, <Action.NNE: 25>, <Action.NNE: 25>, <Action.WSW: -11>, <Action.WSW: -11>, <Action.NNE: 25>, <Action.NNE: 25>, <Action.WNW: 15>, <Action.ESE: -15>, <Action.SSW: -25>, <Action.SSW: -25>, <Action.ENE: 11>, <Action.WSW: -11>, <Action.SSE: -27>, <Action.SSW: -25>, <Action.SSW: -25>, <Action.WSW: -11>, <Action.WNW: 15>, <Action.NNE: 25>, <Action.NNE: 25>, <Action.NNW: 27>, <Action.NNE: 25>, <Action.ENE: 11>, <Action.NNW: 27>, <Action.NNE: 25>, <Action.SSW: -25>, <Action.ENE: 11>, <Action.SSW: -25>, <Action.ESE: -15>, <Action.SSW: -25>, <Action.ESE: -15>, <Action.ENE: 11>, <Action.WSW: -11>, <Action.SSW: -25>, <Action.NNE: 25>, <Action.ESE: -15>, <Action.SSE: -27>, <Action.NNE: 25>, <Action.SSW: -25>, <Action.SSE: -27>, <Action.SSE: -27>]
Winner: Agent(agent_class=<class 'sample_players.MinimaxPlayer'>, name='Minimax Agent')
Loser: Agent(agent_class=<class 'my_custom_player.CustomPlayer'>, name='Custom Agent')

INFO:isolation:Initial game state: Isolation(board=41523161203900752855010316356937727, ply_count=2, locs=(75, 69))
First agent: Agent(agent_class=<class 'my_custom_player.CustomPlayer'>, name='Custom Agent')
Second agent: Agent(agent_class=<class 'sample_players.MinimaxPlayer'>, name='Minimax Agent')

INFO:isolation:Status: Status.INVALID_MOVE
Final State: Isolation(board=26269545830159597793857251148244853, ply_count=64, locs=(62, 28))
History: [<Action.NNE: 25>, <Action.ESE: -15>, <Action.WSW: -11>, <Action.ENE: 11>, <Action.NNW: 27>, <Action.SSE: -27>, <Action.NNE: 25>, <Action.WSW: -11>, <Action.NNE: 25>, <Action.NNE: 25>, <Action.SSE: -27>, <Action.SSE: -27>, <Action.SSW: -25>, <Action.ESE: -15>, <Action.WSW: -11>, <Action.NNE: 25>, <Action.NNW: 27>, <Action.WSW: -11>, <Action.WSW: -11>, <Action.SSW: -25>, <Action.NNE: 25>, <Action.WSW: -11>, <Action.ESE: -15>, <Action.NNE: 25>, <Action.SSW: -25>, <Action.WSW: -11>, <Action.WSW: -11>, <Action.WNW: 15>, <Action.NNE: 25>, <Action.ENE: 11>, <Action.WNW: 15>, <Action.ENE: 11>, <Action.WSW: -11>, <Action.SSW: -25>, <Action.ESE: -15>, <Action.NNW: 27>, <Action.ESE: -15>, <Action.NNE: 25>, <Action.WSW: -11>, <Action.ESE: -15>, <Action.WNW: 15>, <Action.WSW: -11>, <Action.NNE: 25>, <Action.NNW: 27>, <Action.SSE: -27>, <Action.SSW: -25>, <Action.WNW: 15>, <Action.ENE: 11>, <Action.NNE: 25>, <Action.ENE: 11>, <Action.WSW: -11>, <Action.ESE: -15>, <Action.NNE: 25>, <Action.SSE: -27>, <Action.NNE: 25>, <Action.SSE: -27>, <Action.WSW: -11>, <Action.SSW: -25>, <Action.ESE: -15>, <Action.WSW: -11>, <Action.WSW: -11>, <Action.NNE: 25>]
Winner: Agent(agent_class=<class 'sample_players.MinimaxPlayer'>, name='Minimax Agent')
Loser: Agent(agent_class=<class 'my_custom_player.CustomPlayer'>, name='Custom Agent')

INFO:isolation:Initial game state: Isolation(board=41522527373803304689524367173871615, ply_count=2, locs=(82, 99))
First agent: Agent(agent_class=<class 'sample_players.MinimaxPlayer'>, name='Minimax Agent')
Second agent: Agent(agent_class=<class 'my_custom_player.CustomPlayer'>, name='Custom Agent')

INFO:isolation:Status: Status.INVALID_MOVE
Final State: Isolation(board=27525889082102361164844125280364286, ply_count=65, locs=(15, 91))
History: [<Action.NNE: 25>, <Action.NNW: 27>, <Action.ESE: -15>, <Action.ENE: 11>, <Action.SSW: -25>, <Action.SSE: -27>, <Action.WSW: -11>, <Action.WNW: 15>, <Action.WSW: -11>, <Action.NNE: 25>, <Action.NNE: 25>, <Action.WSW: -11>, <Action.WSW: -11>, <Action.WSW: -11>, <Action.ESE: -15>, <Action.ESE: -15>, <Action.NNE: 25>, <Action.NNE: 25>, <Action.WSW: -11>, <Action.WSW: -11>, <Action.WNW: 15>, <Action.SSW: -25>, <Action.NNE: 25>, <Action.SSW: -25>, <Action.WSW: -11>, <Action.WNW: 15>, <Action.ESE: -15>, <Action.NNE: 25>, <Action.SSW: -25>, <Action.NNE: 25>, <Action.NNW: 27>, <Action.ENE: 11>, <Action.NNE: 25>, <Action.NNW: 27>, <Action.NNE: 25>, <Action.SSW: -25>, <Action.ENE: 11>, <Action.WSW: -11>, <Action.SSW: -25>, <Action.NNE: 25>, <Action.ENE: 11>, <Action.ESE: -15>, <Action.ENE: 11>, <Action.WSW: -11>, <Action.SSE: -27>, <Action.NNE: 25>, <Action.SSW: -25>, <Action.WSW: -11>, <Action.SSW: -25>, <Action.NNE: 25>, <Action.ENE: 11>, <Action.ESE: -15>, <Action.WNW: 15>, <Action.ENE: 11>, <Action.NNE: 25>, <Action.SSE: -27>, <Action.SSE: -27>, <Action.ENE: 11>, <Action.SSW: -25>, <Action.SSE: -27>, <Action.SSE: -27>, <Action.NNE: 25>, <Action.WNW: 15>]
Winner: Agent(agent_class=<class 'sample_players.MinimaxPlayer'>, name='Minimax Agent')
Loser: Agent(agent_class=<class 'my_custom_player.CustomPlayer'>, name='Custom Agent')

INFO:isolation:Initial game state: Isolation(board=41523161203939122082683632224290687, ply_count=2, locs=(13, 7))
First agent: Agent(agent_class=<class 'my_custom_player.CustomPlayer'>, name='Custom Agent')
Second agent: Agent(agent_class=<class 'sample_players.MinimaxPlayer'>, name='Minimax Agent')

INFO:isolation:Status: Status.INVALID_MOVE
Final State: Isolation(board=36005478931458827952438037427996591, ply_count=51, locs=(62, 99))
History: [<Action.ENE: 11>, <Action.NNE: 25>, <Action.SSE: -27>, <Action.ESE: -15>, <Action.SSW: -25>, <Action.ENE: 11>, <Action.SSE: -27>, <Action.ESE: -15>, <Action.WNW: 15>, <Action.SSW: -25>, <Action.NNE: 25>, <Action.SSW: -25>, <Action.WSW: -11>, <Action.SSW: -25>, <Action.SSE: -27>, <Action.ENE: 11>, <Action.ENE: 11>, <Action.SSW: -25>, <Action.WNW: 15>, <Action.WNW: 15>, <Action.WNW: 15>, <Action.NNE: 25>, <Action.SSW: -25>, <Action.NNE: 25>, <Action.WSW: -11>, <Action.NNE: 25>, <Action.NNE: 25>, <Action.WSW: -11>, <Action.NNE: 25>, <Action.SSW: -25>, <Action.NNE: 25>, <Action.SSW: -25>, <Action.WSW: -11>, <Action.SSE: -27>, <Action.SSE: -27>, <Action.WNW: 15>, <Action.SSW: -25>, <Action.NNE: 25>, <Action.NNW: 27>, <Action.NNE: 25>, <Action.NNW: 27>, <Action.WSW: -11>, <Action.SSW: -25>, <Action.NNE: 25>, <Action.ENE: 11>, <Action.WSW: -11>, <Action.SSW: -25>, <Action.NNE: 25>, <Action.WNW: 15>]
Winner: Agent(agent_class=<class 'sample_players.MinimaxPlayer'>, name='Minimax Agent')
Loser: Agent(agent_class=<class 'my_custom_player.CustomPlayer'>, name='Custom Agent')

INFO:isolation:Initial game state: Isolation(board=41523161203939122082648447852210167, ply_count=2, locs=(45, 3))
First agent: Agent(agent_class=<class 'sample_players.MinimaxPlayer'>, name='Minimax Agent')
Second agent: Agent(agent_class=<class 'my_custom_player.CustomPlayer'>, name='Custom Agent')

INFO:isolation:Status: Status.INVALID_MOVE
Final State: Isolation(board=34950746642916648568909067685840819, ply_count=57, locs=(30, 32))
History: [<Action.SSW: -25>, <Action.ENE: 11>, <Action.ENE: 11>, <Action.ESE: -15>, <Action.ENE: 11>, <Action.SSW: -25>, <Action.SSW: -25>, <Action.SSE: -27>, <Action.SSW: -25>, <Action.WNW: 15>, <Action.ENE: 11>, <Action.NNE: 25>, <Action.NNW: 27>, <Action.SSE: -27>, <Action.ESE: -15>, <Action.WSW: -11>, <Action.SSW: -25>, <Action.WSW: -11>, <Action.SSW: -25>, <Action.NNE: 25>, <Action.ENE: 11>, <Action.ESE: -15>, <Action.WNW: 15>, <Action.NNE: 25>, <Action.NNW: 27>, <Action.SSE: -27>, <Action.ENE: 11>, <Action.SSW: -25>, <Action.NNE: 25>, <Action.WSW: -11>, <Action.WNW: 15>, <Action.NNE: 25>, <Action.SSW: -25>, <Action.WSW: -11>, <Action.WNW: 15>, <Action.WNW: 15>, <Action.SSW: -25>, <Action.NNW: 27>, <Action.SSW: -25>, <Action.NNE: 25>, <Action.WNW: 15>, <Action.NNE: 25>, <Action.ENE: 11>, <Action.ESE: -15>, <Action.SSW: -25>, <Action.WSW: -11>, <Action.SSW: -25>, <Action.WSW: -11>, <Action.ENE: 11>, <Action.SSE: -27>, <Action.ESE: -15>, <Action.SSE: -27>, <Action.ESE: -15>, <Action.ENE: 11>, <Action.NNW: 27>]
Winner: Agent(agent_class=<class 'sample_players.MinimaxPlayer'>, name='Minimax Agent')
Loser: Agent(agent_class=<class 'my_custom_player.CustomPlayer'>, name='Custom Agent')

INFO:isolation:Status: Status.GAME_OVER
Final State: Isolation(board=31237448953579406799998445206824669, ply_count=68, locs=(78, 104))
History: [<Action.NNE: 25>, <Action.WSW: -11>, <Action.ENE: 11>, <Action.NNE: 25>, <Action.ESE: -15>, <Action.SSE: -27>, <Action.SSW: -25>, <Action.NNE: 25>, <Action.SSE: -27>, <Action.WSW: -11>, <Action.ENE: 11>, <Action.SSE: -27>, <Action.SSW: -25>, <Action.WSW: -11>, <Action.WSW: -11>, <Action.NNE: 25>, <Action.WSW: -11>, <Action.NNE: 25>, <Action.NNE: 25>, <Action.NNE: 25>, <Action.ESE: -15>, <Action.ESE: -15>, <Action.ENE: 11>, <Action.SSE: -27>, <Action.NNE: 25>, <Action.WNW: 15>, <Action.NNE: 25>, <Action.SSE: -27>, <Action.SSE: -27>, <Action.SSE: -27>, <Action.SSW: -25>, <Action.SSW: -25>, <Action.WSW: -11>, <Action.NNW: 27>, <Action.WSW: -11>, <Action.ENE: 11>, <Action.WNW: 15>, <Action.NNW: 27>, <Action.NNE: 25>, <Action.SSW: -25>, <Action.WSW: -11>, <Action.NNW: 27>, <Action.NNE: 25>, <Action.NNW: 27>, <Action.NNE: 25>, <Action.WNW: 15>, <Action.WNW: 15>, <Action.SSW: -25>, <Action.SSE: -27>, <Action.SSW: -25>, <Action.WSW: -11>, <Action.SSW: -25>, <Action.ESE: -15>, <Action.NNW: 27>, <Action.NNW: 27>, <Action.NNE: 25>, <Action.NNE: 25>, <Action.NNE: 25>, <Action.ENE: 11>, <Action.ESE: -15>, <Action.ESE: -15>, <Action.ENE: 11>, <Action.ENE: 11>, <Action.ESE: -15>, <Action.SSE: -27>, <Action.ENE: 11>]
Winner: Agent(agent_class=<class 'my_custom_player.CustomPlayer'>, name='Custom Agent')
Loser: Agent(agent_class=<class 'sample_players.MinimaxPlayer'>, name='Minimax Agent')

INFO:isolation:Status: Status.GAME_OVER
Final State: Isolation(board=38132995132317800583529096153646975, ply_count=53, locs=(93, 78))
History: [<Action.WNW: 15>, <Action.NNE: 25>, <Action.NNE: 25>, <Action.NNE: 25>, <Action.WSW: -11>, <Action.NNE: 25>, <Action.NNE: 25>, <Action.WSW: -11>, <Action.WSW: -11>, <Action.NNE: 25>, <Action.SSE: -27>, <Action.ESE: -15>, <Action.NNE: 25>, <Action.ESE: -15>, <Action.WSW: -11>, <Action.NNE: 25>, <Action.NNE: 25>, <Action.WSW: -11>, <Action.WNW: 15>, <Action.SSW: -25>, <Action.SSW: -25>, <Action.SSW: -25>, <Action.ENE: 11>, <Action.WSW: -11>, <Action.SSW: -25>, <Action.NNW: 27>, <Action.WSW: -11>, <Action.WSW: -11>, <Action.WNW: 15>, <Action.NNE: 25>, <Action.ENE: 11>, <Action.ESE: -15>, <Action.WNW: 15>, <Action.NNW: 27>, <Action.NNW: 27>, <Action.WSW: -11>, <Action.ESE: -15>, <Action.NNW: 27>, <Action.NNE: 25>, <Action.ESE: -15>, <Action.SSE: -27>, <Action.NNE: 25>, <Action.ENE: 11>, <Action.ENE: 11>, <Action.ENE: 11>, <Action.ESE: -15>, <Action.SSE: -27>, <Action.ENE: 11>, <Action.NNE: 25>, <Action.SSE: -27>, <Action.WSW: -11>]
Winner: Agent(agent_class=<class 'my_custom_player.CustomPlayer'>, name='Custom Agent')
Loser: Agent(agent_class=<class 'sample_players.MinimaxPlayer'>, name='Minimax Agent')

INFO:isolation:Status: Status.GAME_OVER
Final State: Isolation(board=31459292373844215210880117655036951, ply_count=73, locs=(97, 26))
History: [<Action.NNE: 25>, <Action.NNE: 25>, <Action.NNE: 25>, <Action.NNE: 25>, <Action.ESE: -15>, <Action.WSW: -11>, <Action.ESE: -15>, <Action.NNE: 25>, <Action.SSW: -25>, <Action.WSW: -11>, <Action.WSW: -11>, <Action.SSW: -25>, <Action.WSW: -11>, <Action.SSW: -25>, <Action.NNE: 25>, <Action.ENE: 11>, <Action.WSW: -11>, <Action.NNW: 27>, <Action.NNW: 27>, <Action.NNE: 25>, <Action.NNE: 25>, <Action.WSW: -11>, <Action.NNE: 25>, <Action.NNE: 25>, <Action.ESE: -15>, <Action.NNE: 25>, <Action.ESE: -15>, <Action.ESE: -15>, <Action.SSE: -27>, <Action.SSW: -25>, <Action.WSW: -11>, <Action.WSW: -11>, <Action.NNE: 25>, <Action.NNE: 25>, <Action.WNW: 15>, <Action.WSW: -11>, <Action.WNW: 15>, <Action.WSW: -11>, <Action.WNW: 15>, <Action.SSW: -25>, <Action.SSW: -25>, <Action.SSE: -27>, <Action.SSW: -25>, <Action.NNE: 25>, <Action.ENE: 11>, <Action.WSW: -11>, <Action.SSW: -25>, <Action.ESE: -15>, <Action.WNW: 15>, <Action.NNW: 27>, <Action.NNE: 25>, <Action.ESE: -15>, <Action.ENE: 11>, <Action.NNW: 27>, <Action.SSW: -25>, <Action.SSW: -25>, <Action.WNW: 15>, <Action.WNW: 15>, <Action.ENE: 11>, <Action.SSE: -27>, <Action.ENE: 11>, <Action.ENE: 11>, <Action.SSW: -25>, <Action.ESE: -15>, <Action.WSW: -11>, <Action.NNE: 25>, <Action.NNW: 27>, <Action.ESE: -15>, <Action.ENE: 11>, <Action.ENE: 11>, <Action.ESE: -15>]
Winner: Agent(agent_class=<class 'my_custom_player.CustomPlayer'>, name='Custom Agent')
Loser: Agent(agent_class=<class 'sample_players.MinimaxPlayer'>, name='Minimax Agent')

INFO:__main__:Your agent won 52.5% of matches against Minimax Agent
