INFO:root:Search Configuration:
Opponent: GREEDY
Rounds: 10
Fair Matches: True
Time Limit: 2000
Processes: 4
Debug Mode: False
INFO:isolation:Initial game state: Isolation(board=41523161203939122082683632224299007, ply_count=0, locs=(None, None))
First agent: Agent(agent_class=<class 'sample_players.GreedyPlayer'>, name='Greedy Agent')
Second agent: Agent(agent_class=<class 'my_custom_player.CustomPlayer'>, name='Custom Agent')

INFO:isolation:Initial game state: Isolation(board=41523161203939122082683632224299007, ply_count=0, locs=(None, None))
First agent: Agent(agent_class=<class 'my_custom_player.CustomPlayer'>, name='Custom Agent')
Second agent: Agent(agent_class=<class 'sample_players.GreedyPlayer'>, name='Greedy Agent')

INFO:isolation:Initial game state: Isolation(board=41523161203939122082683632224299007, ply_count=0, locs=(None, None))
First agent: Agent(agent_class=<class 'sample_players.GreedyPlayer'>, name='Greedy Agent')
Second agent: Agent(agent_class=<class 'my_custom_player.CustomPlayer'>, name='Custom Agent')

INFO:isolation:Initial game state: Isolation(board=41523161203939122082683632224299007, ply_count=0, locs=(None, None))
First agent: Agent(agent_class=<class 'my_custom_player.CustomPlayer'>, name='Custom Agent')
Second agent: Agent(agent_class=<class 'sample_players.GreedyPlayer'>, name='Greedy Agent')

INFO:isolation:Status: Status.GAME_OVER
Final State: Isolation(board=41076601337626842466173047522158383, ply_count=55, locs=(105, 98))
History: [28, 26, <Action.WNW: 15>, <Action.WSW: -11>, <Action.NNE: 25>, <Action.NNE: 25>, <Action.WSW: -11>, <Action.NNE: 25>, <Action.NNE: 25>, <Action.WSW: -11>, <Action.WSW: -11>, <Action.SSW: -25>, <Action.WSW: -11>, <Action.SSW: -25>, <Action.NNE: 25>, <Action.WNW: 15>, <Action.ESE: -15>, <Action.NNW: 27>, <Action.WSW: -11>, <Action.WNW: 15>, <Action.NNE: 25>, <Action.ENE: 11>, <Action.ESE: -15>, <Action.ENE: 11>, <Action.ENE: 11>, <Action.SSW: -25>, <Action.SSW: -25>, <Action.SSE: -27>, <Action.ENE: 11>, <Action.NNE: 25>, <Action.SSW: -25>, <Action.WSW: -11>, <Action.ENE: 11>, <Action.SSE: -27>, <Action.SSW: -25>, <Action.WSW: -11>, <Action.WNW: 15>, <Action.NNE: 25>, <Action.NNE: 25>, <Action.WSW: -11>, <Action.ENE: 11>, <Action.ESE: -15>, <Action.WNW: 15>, <Action.NNW: 27>, <Action.WNW: 15>, <Action.WSW: -11>, <Action.SSE: -27>, <Action.NNE: 25>, <Action.NNE: 25>, <Action.WNW: 15>, <Action.SSE: -27>, <Action.NNE: 25>, <Action.WNW: 15>, <Action.ENE: 11>, <Action.ENE: 11>]
Winner: Agent(agent_class=<class 'my_custom_player.CustomPlayer'>, name='Custom Agent')
Loser: Agent(agent_class=<class 'sample_players.GreedyPlayer'>, name='Greedy Agent')

INFO:isolation:Initial game state: Isolation(board=41523161203939122082683632224299007, ply_count=0, locs=(None, None))
First agent: Agent(agent_class=<class 'sample_players.GreedyPlayer'>, name='Greedy Agent')
Second agent: Agent(agent_class=<class 'my_custom_player.CustomPlayer'>, name='Custom Agent')

INFO:isolation:Status: Status.GAME_OVER
Final State: Isolation(board=11541010763117486027091976491198443, ply_count=59, locs=(105, 87))
History: [28, 71, <Action.WNW: 15>, <Action.NNE: 25>, <Action.NNE: 25>, <Action.SSE: -27>, <Action.SSE: -27>, <Action.SSW: -25>, <Action.WSW: -11>, <Action.ENE: 11>, <Action.WNW: 15>, <Action.ESE: -15>, <Action.WSW: -11>, <Action.SSW: -25>, <Action.NNE: 25>, <Action.WSW: -11>, <Action.NNE: 25>, <Action.NNE: 25>, <Action.WSW: -11>, <Action.NNE: 25>, <Action.SSE: -27>, <Action.ENE: 11>, <Action.ESE: -15>, <Action.NNW: 27>, <Action.ENE: 11>, <Action.SSW: -25>, <Action.ESE: -15>, <Action.NNW: 27>, <Action.SSW: -25>, <Action.WSW: -11>, <Action.WNW: 15>, <Action.SSW: -25>, <Action.WNW: 15>, <Action.SSW: -25>, <Action.WNW: 15>, <Action.NNW: 27>, <Action.NNE: 25>, <Action.WNW: 15>, <Action.NNE: 25>, <Action.NNE: 25>, <Action.ESE: -15>, <Action.ENE: 11>, <Action.ENE: 11>, <Action.SSW: -25>, <Action.SSE: -27>, <Action.WNW: 15>, <Action.WNW: 15>, <Action.ENE: 11>, <Action.NNE: 25>, <Action.SSE: -27>, <Action.WSW: -11>, <Action.NNE: 25>, <Action.ESE: -15>, <Action.WSW: -11>, <Action.SSE: -27>, <Action.WNW: 15>, <Action.NNE: 25>, <Action.SSE: -27>, <Action.NNW: 27>]
Winner: Agent(agent_class=<class 'my_custom_player.CustomPlayer'>, name='Custom Agent')
Loser: Agent(agent_class=<class 'sample_players.GreedyPlayer'>, name='Greedy Agent')

INFO:isolation:Initial game state: Isolation(board=41523161203939122082683632224299007, ply_count=0, locs=(None, None))
First agent: Agent(agent_class=<class 'my_custom_player.CustomPlayer'>, name='Custom Agent')
Second agent: Agent(agent_class=<class 'sample_players.GreedyPlayer'>, name='Greedy Agent')

INFO:isolation:Status: Status.GAME_OVER
Final State: Isolation(board=22274604225992180512010461275957223, ply_count=68, locs=(36, 3))
History: [95, 28, <Action.ENE: 11>, <Action.WNW: 15>, <Action.SSW: -25>, <Action.WSW: -11>, <Action.ENE: 11>, <Action.NNE: 25>, <Action.SSE: -27>, <Action.NNE: 25>, <Action.SSW: -25>, <Action.WSW: -11>, <Action.SSW: -25>, <Action.SSE: -27>, <Action.ENE: 11>, <Action.NNE: 25>, <Action.WNW: 15>, <Action.WSW: -11>, <Action.WSW: -11>, <Action.NNE: 25>, <Action.WSW: -11>, <Action.WSW: -11>, <Action.ESE: -15>, <Action.SSE: -27>, <Action.NNW: 27>, <Action.WSW: -11>, <Action.WNW: 15>, <Action.NNE: 25>, <Action.WSW: -11>, <Action.NNW: 27>, <Action.NNE: 25>, <Action.NNE: 25>, <Action.NNE: 25>, <Action.SSE: -27>, <Action.WSW: -11>, <Action.WSW: -11>, <Action.SSE: -27>, <Action.SSW: -25>, <Action.WNW: 15>, <Action.ESE: -15>, <Action.NNE: 25>, <Action.ESE: -15>, <Action.NNE: 25>, <Action.ENE: 11>, <Action.ESE: -15>, <Action.NNE: 25>, <Action.ENE: 11>, <Action.SSE: -27>, <Action.ESE: -15>, <Action.WNW: 15>, <Action.ENE: 11>, <Action.NNE: 25>, <Action.SSW: -25>, <Action.ENE: 11>, <Action.WNW: 15>, <Action.SSW: -25>, <Action.WNW: 15>, <Action.NNW: 27>, <Action.WSW: -11>, <Action.SSW: -25>, <Action.WNW: 15>, <Action.ENE: 11>, <Action.SSW: -25>, <Action.SSE: -27>, <Action.SSE: -27>, <Action.SSW: -25>, <Action.SSW: -25>, <Action.WSW: -11>]
Winner: Agent(agent_class=<class 'my_custom_player.CustomPlayer'>, name='Custom Agent')
Loser: Agent(agent_class=<class 'sample_players.GreedyPlayer'>, name='Greedy Agent')

INFO:isolation:Initial game state: Isolation(board=41523161203939122082683632224299007, ply_count=0, locs=(None, None))
First agent: Agent(agent_class=<class 'sample_players.GreedyPlayer'>, name='Greedy Agent')
Second agent: Agent(agent_class=<class 'my_custom_player.CustomPlayer'>, name='Custom Agent')

INFO:isolation:Status: Status.INVALID_MOVE
Final State: Isolation(board=38275682383998795019667310677091727, ply_count=66, locs=(111, 74))
History: [67, 28, <Action.NNE: 25>, <Action.WNW: 15>, <Action.SSE: -27>, <Action.NNE: 25>, <Action.SSW: -25>, <Action.SSE: -27>, <Action.WSW: -11>, <Action.WSW: -11>, <Action.NNE: 25>, <Action.WNW: 15>, <Action.WNW: 15>, <Action.WSW: -11>, <Action.SSE: -27>, <Action.NNE: 25>, <Action.WSW: -11>, <Action.NNW: 27>, <Action.SSW: -25>, <Action.ESE: -15>, <Action.ENE: 11>, <Action.ENE: 11>, <Action.WNW: 15>, <Action.ENE: 11>, <Action.NNE: 25>, <Action.SSE: -27>, <Action.WSW: -11>, <Action.WNW: 15>, <Action.WSW: -11>, <Action.WSW: -11>, <Action.NNE: 25>, <Action.WNW: 15>, <Action.NNW: 27>, <Action.SSE: -27>, <Action.ENE: 11>, <Action.WSW: -11>, <Action.ENE: 11>, <Action.NNE: 25>, <Action.SSW: -25>, <Action.ENE: 11>, <Action.ENE: 11>, <Action.ENE: 11>, <Action.ESE: -15>, <Action.ESE: -15>, <Action.SSE: -27>, <Action.SSE: -27>, <Action.SSE: -27>, <Action.SSW: -25>, <Action.WSW: -11>, <Action.WSW: -11>, <Action.WSW: -11>, <Action.WSW: -11>, <Action.WNW: 15>, <Action.WNW: 15>, <Action.NNE: 25>, <Action.WSW: -11>, <Action.WSW: -11>, <Action.NNW: 27>, <Action.WNW: 15>, <Action.NNE: 25>, <Action.NNE: 25>, <Action.NNW: 27>, <Action.NNW: 27>, <Action.ENE: 11>, <Action.ENE: 11>, <Action.SSW: -25>]
Winner: Agent(agent_class=<class 'sample_players.GreedyPlayer'>, name='Greedy Agent')
Loser: Agent(agent_class=<class 'my_custom_player.CustomPlayer'>, name='Custom Agent')

INFO:isolation:Initial game state: Isolation(board=41523161203939122082683632224299007, ply_count=0, locs=(None, None))
First agent: Agent(agent_class=<class 'my_custom_player.CustomPlayer'>, name='Custom Agent')
Second agent: Agent(agent_class=<class 'sample_players.GreedyPlayer'>, name='Greedy Agent')

INFO:isolation:Status: Status.GAME_OVER
Final State: Isolation(board=41523156101650318967556961783235899, ply_count=50, locs=(36, 21))
History: [28, 79, <Action.WNW: 15>, <Action.SSE: -27>, <Action.WSW: -11>, <Action.WSW: -11>, <Action.NNE: 25>, <Action.NNE: 25>, <Action.NNE: 25>, <Action.WSW: -11>, <Action.WSW: -11>, <Action.WSW: -11>, <Action.WSW: -11>, <Action.SSW: -25>, <Action.NNE: 25>, <Action.ENE: 11>, <Action.SSE: -27>, <Action.WNW: 15>, <Action.NNE: 25>, <Action.ENE: 11>, <Action.WSW: -11>, <Action.ENE: 11>, <Action.SSW: -25>, <Action.NNE: 25>, <Action.SSE: -27>, <Action.SSE: -27>, <Action.ENE: 11>, <Action.SSW: -25>, <Action.ENE: 11>, <Action.SSE: -27>, <Action.NNW: 27>, <Action.WSW: -11>, <Action.WNW: 15>, <Action.NNE: 25>, <Action.WSW: -11>, <Action.NNW: 27>, <Action.SSW: -25>, <Action.SSW: -25>, <Action.ENE: 11>, <Action.WSW: -11>, <Action.NNW: 27>, <Action.WSW: -11>, <Action.SSW: -25>, <Action.WNW: 15>, <Action.SSE: -27>, <Action.ENE: 11>, <Action.SSW: -25>, <Action.SSE: -27>, <Action.NNW: 27>, <Action.WNW: 15>]
Winner: Agent(agent_class=<class 'my_custom_player.CustomPlayer'>, name='Custom Agent')
Loser: Agent(agent_class=<class 'sample_players.GreedyPlayer'>, name='Greedy Agent')

INFO:isolation:Initial game state: Isolation(board=41523161203939122082683632224299007, ply_count=0, locs=(None, None))
First agent: Agent(agent_class=<class 'sample_players.GreedyPlayer'>, name='Greedy Agent')
Second agent: Agent(agent_class=<class 'my_custom_player.CustomPlayer'>, name='Custom Agent')

INFO:isolation:Status: Status.GAME_OVER
Final State: Isolation(board=41320262796130939783962811755882238, ply_count=44, locs=(107, 105))
History: [8, 28, <Action.NNE: 25>, <Action.WNW: 15>, <Action.NNE: 25>, <Action.NNE: 25>, <Action.NNE: 25>, <Action.SSE: -27>, <Action.SSE: -27>, <Action.WSW: -11>, <Action.WNW: 15>, <Action.NNE: 25>, <Action.SSE: -27>, <Action.NNE: 25>, <Action.NNE: 25>, <Action.WNW: 15>, <Action.NNE: 25>, <Action.WSW: -11>, <Action.SSE: -27>, <Action.SSW: -25>, <Action.NNE: 25>, <Action.SSW: -25>, <Action.SSE: -27>, <Action.ENE: 11>, <Action.SSW: -25>, <Action.NNW: 27>, <Action.SSW: -25>, <Action.SSW: -25>, <Action.ESE: -15>, <Action.ESE: -15>, <Action.NNW: 27>, <Action.WSW: -11>, <Action.NNW: 27>, <Action.NNE: 25>, <Action.ESE: -15>, <Action.ESE: -15>, <Action.NNW: 27>, <Action.ENE: 11>, <Action.NNW: 27>, <Action.ENE: 11>, <Action.WSW: -11>, <Action.NNE: 25>, <Action.NNE: 25>, <Action.NNW: 27>]
Winner: Agent(agent_class=<class 'my_custom_player.CustomPlayer'>, name='Custom Agent')
Loser: Agent(agent_class=<class 'sample_players.GreedyPlayer'>, name='Greedy Agent')

INFO:isolation:Initial game state: Isolation(board=41523161203939122082683632224299007, ply_count=0, locs=(None, None))
First agent: Agent(agent_class=<class 'my_custom_player.CustomPlayer'>, name='Custom Agent')
Second agent: Agent(agent_class=<class 'sample_players.GreedyPlayer'>, name='Greedy Agent')

INFO:isolation:Status: Status.GAME_OVER
Final State: Isolation(board=28460845927735084291417259661935914, ply_count=68, locs=(13, 2))
History: [28, 113, <Action.WNW: 15>, <Action.ESE: -15>, <Action.NNE: 25>, <Action.ESE: -15>, <Action.SSE: -27>, <Action.SSE: -27>, <Action.WSW: -11>, <Action.WSW: -11>, <Action.NNE: 25>, <Action.NNE: 25>, <Action.NNE: 25>, <Action.NNE: 25>, <Action.WSW: -11>, <Action.WSW: -11>, <Action.SSE: -27>, <Action.SSE: -27>, <Action.NNE: 25>, <Action.SSW: -25>, <Action.WNW: 15>, <Action.SSW: -25>, <Action.WSW: -11>, <Action.ENE: 11>, <Action.SSW: -25>, <Action.ENE: 11>, <Action.ESE: -15>, <Action.NNE: 25>, <Action.WSW: -11>, <Action.ESE: -15>, <Action.NNW: 27>, <Action.NNW: 27>, <Action.NNW: 27>, <Action.NNE: 25>, <Action.ENE: 11>, <Action.WNW: 15>, <Action.SSW: -25>, <Action.SSE: -27>, <Action.SSE: -27>, <Action.SSE: -27>, <Action.WNW: 15>, <Action.SSW: -25>, <Action.NNE: 25>, <Action.SSE: -27>, <Action.WSW: -11>, <Action.WNW: 15>, <Action.NNE: 25>, <Action.WSW: -11>, <Action.ESE: -15>, <Action.WNW: 15>, <Action.WSW: -11>, <Action.NNE: 25>, <Action.NNE: 25>, <Action.WNW: 15>, <Action.NNE: 25>, <Action.SSW: -25>, <Action.ESE: -15>, <Action.SSW: -25>, <Action.ESE: -15>, <Action.NNW: 27>, <Action.ENE: 11>, <Action.ESE: -15>, <Action.SSE: -27>, <Action.ESE: -15>, <Action.SSW: -25>, <Action.ENE: 11>, <Action.SSE: -27>, <Action.ESE: -15>]
Winner: Agent(agent_class=<class 'my_custom_player.CustomPlayer'>, name='Custom Agent')
Loser: Agent(agent_class=<class 'sample_players.GreedyPlayer'>, name='Greedy Agent')

INFO:isolation:Initial game state: Isolation(board=41523161203939122082683632224299007, ply_count=0, locs=(None, None))
First agent: Agent(agent_class=<class 'sample_players.GreedyPlayer'>, name='Greedy Agent')
Second agent: Agent(agent_class=<class 'my_custom_player.CustomPlayer'>, name='Custom Agent')

INFO:isolation:Status: Status.GAME_OVER
Final State: Isolation(board=37221076796001739786487871016527487, ply_count=60, locs=(35, 23))
History: [92, 28, <Action.SSE: -27>, <Action.WNW: 15>, <Action.WSW: -11>, <Action.NNE: 25>, <Action.SSW: -25>, <Action.SSE: -27>, <Action.NNW: 27>, <Action.WSW: -11>, <Action.WSW: -11>, <Action.NNE: 25>, <Action.NNE: 25>, <Action.NNW: 27>, <Action.WSW: -11>, <Action.WSW: -11>, <Action.WSW: -11>, <Action.SSW: -25>, <Action.NNE: 25>, <Action.ESE: -15>, <Action.ESE: -15>, <Action.ENE: 11>, <Action.NNE: 25>, <Action.NNW: 27>, <Action.WSW: -11>, <Action.ENE: 11>, <Action.ESE: -15>, <Action.WNW: 15>, <Action.SSW: -25>, <Action.ENE: 11>, <Action.SSW: -25>, <Action.SSE: -27>, <Action.ENE: 11>, <Action.WNW: 15>, <Action.WNW: 15>, <Action.SSE: -27>, <Action.NNW: 27>, <Action.ENE: 11>, <Action.WNW: 15>, <Action.WNW: 15>, <Action.NNE: 25>, <Action.SSE: -27>, <Action.ENE: 11>, <Action.WNW: 15>, <Action.ESE: -15>, <Action.NNW: 27>, <Action.WSW: -11>, <Action.WSW: -11>, <Action.NNE: 25>, <Action.WSW: -11>, <Action.WSW: -11>, <Action.SSW: -25>, <Action.SSW: -25>, <Action.SSE: -27>, <Action.SSE: -27>, <Action.ESE: -15>, <Action.SSE: -27>, <Action.WSW: -11>, <Action.WNW: 15>, <Action.WNW: 15>]
Winner: Agent(agent_class=<class 'my_custom_player.CustomPlayer'>, name='Custom Agent')
Loser: Agent(agent_class=<class 'sample_players.GreedyPlayer'>, name='Greedy Agent')

INFO:isolation:Initial game state: Isolation(board=41523161203939122082683632224299007, ply_count=0, locs=(None, None))
First agent: Agent(agent_class=<class 'my_custom_player.CustomPlayer'>, name='Custom Agent')
Second agent: Agent(agent_class=<class 'sample_players.GreedyPlayer'>, name='Greedy Agent')

INFO:isolation:Status: Status.GAME_OVER
Final State: Isolation(board=39981405698054530288221009837057933, ply_count=55, locs=(1, 20))
History: [28, 4, <Action.WNW: 15>, <Action.NNE: 25>, <Action.NNE: 25>, <Action.NNE: 25>, <Action.SSE: -27>, <Action.ENE: 11>, <Action.WSW: -11>, <Action.SSW: -25>, <Action.WNW: 15>, <Action.SSW: -25>, <Action.WSW: -11>, <Action.NNW: 27>, <Action.NNE: 25>, <Action.NNE: 25>, <Action.NNE: 25>, <Action.WSW: -11>, <Action.WSW: -11>, <Action.SSW: -25>, <Action.SSE: -27>, <Action.SSW: -25>, <Action.NNE: 25>, <Action.ENE: 11>, <Action.ENE: 11>, <Action.WNW: 15>, <Action.WNW: 15>, <Action.WNW: 15>, <Action.SSW: -25>, <Action.ENE: 11>, <Action.WNW: 15>, <Action.ENE: 11>, <Action.SSE: -27>, <Action.NNW: 27>, <Action.NNE: 25>, <Action.ENE: 11>, <Action.NNE: 25>, <Action.ESE: -15>, <Action.ESE: -15>, <Action.WSW: -11>, <Action.ESE: -15>, <Action.NNE: 25>, <Action.SSW: -25>, <Action.SSE: -27>, <Action.ENE: 11>, <Action.SSE: -27>, <Action.NNW: 27>, <Action.SSW: -25>, <Action.ESE: -15>, <Action.WSW: -11>, <Action.SSW: -25>, <Action.WSW: -11>, <Action.SSE: -27>, <Action.WNW: 15>, <Action.SSW: -25>]
Winner: Agent(agent_class=<class 'my_custom_player.CustomPlayer'>, name='Custom Agent')
Loser: Agent(agent_class=<class 'sample_players.GreedyPlayer'>, name='Greedy Agent')

INFO:isolation:Initial game state: Isolation(board=41523161203939122082683632224299007, ply_count=0, locs=(None, None))
First agent: Agent(agent_class=<class 'sample_players.GreedyPlayer'>, name='Greedy Agent')
Second agent: Agent(agent_class=<class 'my_custom_player.CustomPlayer'>, name='Custom Agent')

INFO:isolation:Status: Status.GAME_OVER
Final State: Isolation(board=35924269748435712397129331946628647, ply_count=69, locs=(18, 7))
History: [60, 28, <Action.ENE: 11>, <Action.WNW: 15>, <Action.ENE: 11>, <Action.NNE: 25>, <Action.SSE: -27>, <Action.SSE: -27>, <Action.NNE: 25>, <Action.WSW: -11>, <Action.ESE: -15>, <Action.WNW: 15>, <Action.SSW: -25>, <Action.WSW: -11>, <Action.SSW: -25>, <Action.NNE: 25>, <Action.WSW: -11>, <Action.NNE: 25>, <Action.NNW: 27>, <Action.WSW: -11>, <Action.NNW: 27>, <Action.SSE: -27>, <Action.NNE: 25>, <Action.SSW: -25>, <Action.NNE: 25>, <Action.ENE: 11>, <Action.SSE: -27>, <Action.WNW: 15>, <Action.ENE: 11>, <Action.NNE: 25>, <Action.SSW: -25>, <Action.WNW: 15>, <Action.ESE: -15>, <Action.NNE: 25>, <Action.SSW: -25>, <Action.SSE: -27>, <Action.NNW: 27>, <Action.ENE: 11>, <Action.SSW: -25>, <Action.SSE: -27>, <Action.WNW: 15>, <Action.NNE: 25>, <Action.SSW: -25>, <Action.ESE: -15>, <Action.WSW: -11>, <Action.NNW: 27>, <Action.NNE: 25>, <Action.WSW: -11>, <Action.SSE: -27>, <Action.SSW: -25>, <Action.ENE: 11>, <Action.NNW: 27>, <Action.NNE: 25>, <Action.WSW: -11>, <Action.ENE: 11>, <Action.SSW: -25>, <Action.NNE: 25>, <Action.NNW: 27>, <Action.WNW: 15>, <Action.ENE: 11>, <Action.SSE: -27>, <Action.SSW: -25>, <Action.SSE: -27>, <Action.SSW: -25>, <Action.SSW: -25>, <Action.SSE: -27>, <Action.WSW: -11>, <Action.ESE: -15>, <Action.WNW: 15>]
Winner: Agent(agent_class=<class 'my_custom_player.CustomPlayer'>, name='Custom Agent')
Loser: Agent(agent_class=<class 'sample_players.GreedyPlayer'>, name='Greedy Agent')

INFO:isolation:Initial game state: Isolation(board=41523161203939122082683632224299007, ply_count=0, locs=(None, None))
First agent: Agent(agent_class=<class 'my_custom_player.CustomPlayer'>, name='Custom Agent')
Second agent: Agent(agent_class=<class 'sample_players.GreedyPlayer'>, name='Greedy Agent')

INFO:isolation:Status: Status.INVALID_MOVE
Final State: Isolation(board=40955057986032687390528970037094234, ply_count=57, locs=(26, 39))
History: [28, 54, <Action.NNW: 27>, <Action.NNE: 25>, <Action.NNE: 25>, <Action.SSE: -27>, <Action.WSW: -11>, <Action.WSW: -11>, <Action.SSE: -27>, <Action.WSW: -11>, <Action.WSW: -11>, <Action.SSW: -25>, <Action.WNW: 15>, <Action.WNW: 15>, <Action.NNE: 25>, <Action.NNE: 25>, <Action.WNW: 15>, <Action.NNE: 25>, <Action.SSE: -27>, <Action.NNW: 27>, <Action.NNE: 25>, <Action.ENE: 11>, <Action.WSW: -11>, <Action.ESE: -15>, <Action.ESE: -15>, <Action.ESE: -15>, <Action.SSW: -25>, <Action.SSW: -25>, <Action.NNW: 27>, <Action.WNW: 15>, <Action.NNE: 25>, <Action.SSW: -25>, <Action.WSW: -11>, <Action.SSW: -25>, <Action.SSE: -27>, <Action.WSW: -11>, <Action.NNE: 25>, <Action.NNE: 25>, <Action.ENE: 11>, <Action.NNE: 25>, <Action.ENE: 11>, <Action.NNE: 25>, <Action.SSE: -27>, <Action.NNE: 25>, <Action.SSE: -27>, <Action.ESE: -15>, <Action.WSW: -11>, <Action.WSW: -11>, <Action.SSE: -27>, <Action.NNE: 25>, <Action.NNE: 25>, <Action.ESE: -15>, <Action.SSE: -27>, <Action.SSW: -25>, <Action.WNW: 15>, <Action.SSE: -27>, <Action.ENE: 11>]
Winner: Agent(agent_class=<class 'sample_players.GreedyPlayer'>, name='Greedy Agent')
Loser: Agent(agent_class=<class 'my_custom_player.CustomPlayer'>, name='Custom Agent')

INFO:isolation:Initial game state: Isolation(board=41523161203939122082683632224299007, ply_count=0, locs=(None, None))
First agent: Agent(agent_class=<class 'sample_players.GreedyPlayer'>, name='Greedy Agent')
Second agent: Agent(agent_class=<class 'my_custom_player.CustomPlayer'>, name='Custom Agent')

INFO:isolation:Status: Status.GAME_OVER
Final State: Isolation(board=38034116180436975729836076741904170, ply_count=63, locs=(65, 92))
History: [4, 28, <Action.NNE: 25>, <Action.WNW: 15>, <Action.NNE: 25>, <Action.NNE: 25>, <Action.WNW: 15>, <Action.SSE: -27>, <Action.SSW: -25>, <Action.WSW: -11>, <Action.SSW: -25>, <Action.WNW: 15>, <Action.NNW: 27>, <Action.WNW: 15>, <Action.NNE: 25>, <Action.NNE: 25>, <Action.ENE: 11>, <Action.ESE: -15>, <Action.ESE: -15>, <Action.ENE: 11>, <Action.WSW: -11>, <Action.ESE: -15>, <Action.NNW: 27>, <Action.NNW: 27>, <Action.SSW: -25>, <Action.ESE: -15>, <Action.WSW: -11>, <Action.SSW: -25>, <Action.NNE: 25>, <Action.NNW: 27>, <Action.ESE: -15>, <Action.WNW: 15>, <Action.NNW: 27>, <Action.ENE: 11>, <Action.SSW: -25>, <Action.SSE: -27>, <Action.SSE: -27>, <Action.WNW: 15>, <Action.SSW: -25>, <Action.WNW: 15>, <Action.ENE: 11>, <Action.WSW: -11>, <Action.WNW: 15>, <Action.SSW: -25>, <Action.SSE: -27>, <Action.SSW: -25>, <Action.NNE: 25>, <Action.SSE: -27>, <Action.ENE: 11>, <Action.WNW: 15>, <Action.SSE: -27>, <Action.NNE: 25>, <Action.ESE: -15>, <Action.NNE: 25>, <Action.NNW: 27>, <Action.NNE: 25>, <Action.SSW: -25>, <Action.ESE: -15>, <Action.ENE: 11>, <Action.ENE: 11>, <Action.NNW: 27>, <Action.ESE: -15>, <Action.NNE: 25>]
Winner: Agent(agent_class=<class 'my_custom_player.CustomPlayer'>, name='Custom Agent')
Loser: Agent(agent_class=<class 'sample_players.GreedyPlayer'>, name='Greedy Agent')

INFO:isolation:Initial game state: Isolation(board=41523161203939122082683632224299007, ply_count=0, locs=(None, None))
First agent: Agent(agent_class=<class 'my_custom_player.CustomPlayer'>, name='Custom Agent')
Second agent: Agent(agent_class=<class 'sample_players.GreedyPlayer'>, name='Greedy Agent')

INFO:isolation:Status: Status.INVALID_MOVE
Final State: Isolation(board=37790922859700473416564242435679560, ply_count=71, locs=(19, 111))
History: [28, 49, <Action.WNW: 15>, <Action.NNE: 25>, <Action.NNE: 25>, <Action.ESE: -15>, <Action.SSE: -27>, <Action.NNE: 25>, <Action.WSW: -11>, <Action.ESE: -15>, <Action.WNW: 15>, <Action.SSW: -25>, <Action.NNW: 27>, <Action.NNW: 27>, <Action.ENE: 11>, <Action.ESE: -15>, <Action.SSW: -25>, <Action.SSW: -25>, <Action.SSW: -25>, <Action.ENE: 11>, <Action.WNW: 15>, <Action.NNE: 25>, <Action.NNE: 25>, <Action.NNE: 25>, <Action.SSE: -27>, <Action.SSE: -27>, <Action.WSW: -11>, <Action.SSW: -25>, <Action.NNE: 25>, <Action.WNW: 15>, <Action.NNE: 25>, <Action.WNW: 15>, <Action.ENE: 11>, <Action.NNW: 27>, <Action.ESE: -15>, <Action.ENE: 11>, <Action.SSE: -27>, <Action.ESE: -15>, <Action.NNE: 25>, <Action.ESE: -15>, <Action.WNW: 15>, <Action.SSW: -25>, <Action.WNW: 15>, <Action.SSE: -27>, <Action.SSE: -27>, <Action.SSW: -25>, <Action.NNE: 25>, <Action.WNW: 15>, <Action.SSE: -27>, <Action.WSW: -11>, <Action.ENE: 11>, <Action.WNW: 15>, <Action.SSW: -25>, <Action.WSW: -11>, <Action.SSE: -27>, <Action.NNE: 25>, <Action.SSW: -25>, <Action.SSE: -27>, <Action.WNW: 15>, <Action.NNE: 25>, <Action.SSE: -27>, <Action.WSW: -11>, <Action.NNE: 25>, <Action.WNW: 15>, <Action.SSE: -27>, <Action.NNE: 25>, <Action.WNW: 15>, <Action.NNE: 25>, <Action.WSW: -11>, <Action.NNE: 25>, <Action.WNW: 15>]
Winner: Agent(agent_class=<class 'sample_players.GreedyPlayer'>, name='Greedy Agent')
Loser: Agent(agent_class=<class 'my_custom_player.CustomPlayer'>, name='Custom Agent')

INFO:isolation:Initial game state: Isolation(board=41523161203939122082683632224299007, ply_count=0, locs=(None, None))
First agent: Agent(agent_class=<class 'sample_players.GreedyPlayer'>, name='Greedy Agent')
Second agent: Agent(agent_class=<class 'my_custom_player.CustomPlayer'>, name='Custom Agent')

INFO:isolation:Status: Status.GAME_OVER
Final State: Isolation(board=16655980934470520062446430071203719, ply_count=68, locs=(80, 65))
History: [111, 28, <Action.ESE: -15>, <Action.WNW: 15>, <Action.ENE: 11>, <Action.NNE: 25>, <Action.ESE: -15>, <Action.SSE: -27>, <Action.SSW: -25>, <Action.WSW: -11>, <Action.SSE: -27>, <Action.WNW: 15>, <Action.WSW: -11>, <Action.WSW: -11>, <Action.SSW: -25>, <Action.NNE: 25>, <Action.WNW: 15>, <Action.NNE: 25>, <Action.NNE: 25>, <Action.WSW: -11>, <Action.NNE: 25>, <Action.SSE: -27>, <Action.WSW: -11>, <Action.NNE: 25>, <Action.NNE: 25>, <Action.WSW: -11>, <Action.WSW: -11>, <Action.NNE: 25>, <Action.ESE: -15>, <Action.ESE: -15>, <Action.ESE: -15>, <Action.ENE: 11>, <Action.ENE: 11>, <Action.ESE: -15>, <Action.NNE: 25>, <Action.NNW: 27>, <Action.NNW: 27>, <Action.WSW: -11>, <Action.WSW: -11>, <Action.WNW: 15>, <Action.ESE: -15>, <Action.WSW: -11>, <Action.SSE: -27>, <Action.SSW: -25>, <Action.SSW: -25>, <Action.SSW: -25>, <Action.WSW: -11>, <Action.ENE: 11>, <Action.WSW: -11>, <Action.ESE: -15>, <Action.WNW: 15>, <Action.WSW: -11>, <Action.WNW: 15>, <Action.ESE: -15>, <Action.NNW: 27>, <Action.NNW: 27>, <Action.NNE: 25>, <Action.ESE: -15>, <Action.NNW: 27>, <Action.ESE: -15>, <Action.ESE: -15>, <Action.ENE: 11>, <Action.ENE: 11>, <Action.NNE: 25>, <Action.ESE: -15>, <Action.WNW: 15>, <Action.ESE: -15>, <Action.ENE: 11>]
Winner: Agent(agent_class=<class 'my_custom_player.CustomPlayer'>, name='Custom Agent')
Loser: Agent(agent_class=<class 'sample_players.GreedyPlayer'>, name='Greedy Agent')

INFO:isolation:Initial game state: Isolation(board=41523161203939122082683632224299007, ply_count=0, locs=(None, None))
First agent: Agent(agent_class=<class 'my_custom_player.CustomPlayer'>, name='Custom Agent')
Second agent: Agent(agent_class=<class 'sample_players.GreedyPlayer'>, name='Greedy Agent')

INFO:isolation:Status: Status.INVALID_MOVE
Final State: Isolation(board=38600116767426137536516690931042282, ply_count=55, locs=(99, 19))
History: [28, 35, <Action.WNW: 15>, <Action.NNE: 25>, <Action.NNE: 25>, <Action.ENE: 11>, <Action.SSE: -27>, <Action.ESE: -15>, <Action.WSW: -11>, <Action.WSW: -11>, <Action.NNE: 25>, <Action.SSW: -25>, <Action.NNE: 25>, <Action.ENE: 11>, <Action.WSW: -11>, <Action.ENE: 11>, <Action.WNW: 15>, <Action.WNW: 15>, <Action.SSW: -25>, <Action.NNE: 25>, <Action.SSW: -25>, <Action.WNW: 15>, <Action.NNW: 27>, <Action.ENE: 11>, <Action.NNE: 25>, <Action.SSE: -27>, <Action.NNE: 25>, <Action.SSE: -27>, <Action.WSW: -11>, <Action.NNE: 25>, <Action.ESE: -15>, <Action.SSE: -27>, <Action.SSE: -27>, <Action.WNW: 15>, <Action.SSW: -25>, <Action.SSE: -27>, <Action.WNW: 15>, <Action.SSE: -27>, <Action.SSE: -27>, <Action.WSW: -11>, <Action.ENE: 11>, <Action.NNE: 25>, <Action.WNW: 15>, <Action.SSE: -27>, <Action.NNE: 25>, <Action.WNW: 15>, <Action.WNW: 15>, <Action.WSW: -11>, <Action.ENE: 11>, <Action.NNE: 25>, <Action.SSW: -25>, <Action.WNW: 15>, <Action.WNW: 15>, <Action.SSW: -25>, <Action.ENE: 11>]
Winner: Agent(agent_class=<class 'sample_players.GreedyPlayer'>, name='Greedy Agent')
Loser: Agent(agent_class=<class 'my_custom_player.CustomPlayer'>, name='Custom Agent')

INFO:isolation:Initial game state: Isolation(board=41523161203939122082683632224299007, ply_count=0, locs=(None, None))
First agent: Agent(agent_class=<class 'sample_players.GreedyPlayer'>, name='Greedy Agent')
Second agent: Agent(agent_class=<class 'my_custom_player.CustomPlayer'>, name='Custom Agent')

INFO:isolation:Status: Status.GAME_OVER
Final State: Isolation(board=41319229783495670592588336292390399, ply_count=58, locs=(9, 36))
History: [45, 28, <Action.NNE: 25>, <Action.WNW: 15>, <Action.NNE: 25>, <Action.ENE: 11>, <Action.SSE: -27>, <Action.SSW: -25>, <Action.NNE: 25>, <Action.WNW: 15>, <Action.ESE: -15>, <Action.WSW: -11>, <Action.SSW: -25>, <Action.NNE: 25>, <Action.SSE: -27>, <Action.SSE: -27>, <Action.WSW: -11>, <Action.WNW: 15>, <Action.NNE: 25>, <Action.NNE: 25>, <Action.NNE: 25>, <Action.WNW: 15>, <Action.NNW: 27>, <Action.SSE: -27>, <Action.SSW: -25>, <Action.NNE: 25>, <Action.ESE: -15>, <Action.SSE: -27>, <Action.WSW: -11>, <Action.WNW: 15>, <Action.NNE: 25>, <Action.SSW: -25>, <Action.NNE: 25>, <Action.ESE: -15>, <Action.WSW: -11>, <Action.WSW: -11>, <Action.NNE: 25>, <Action.NNW: 27>, <Action.WSW: -11>, <Action.NNE: 25>, <Action.SSW: -25>, <Action.NNE: 25>, <Action.NNW: 27>, <Action.WSW: -11>, <Action.ENE: 11>, <Action.SSE: -27>, <Action.SSW: -25>, <Action.NNE: 25>, <Action.SSE: -27>, <Action.WSW: -11>, <Action.SSW: -25>, <Action.NNE: 25>, <Action.WSW: -11>, <Action.WSW: -11>, <Action.WNW: 15>, <Action.SSE: -27>, <Action.SSW: -25>, <Action.SSW: -25>]
Winner: Agent(agent_class=<class 'my_custom_player.CustomPlayer'>, name='Custom Agent')
Loser: Agent(agent_class=<class 'sample_players.GreedyPlayer'>, name='Greedy Agent')

INFO:isolation:Initial game state: Isolation(board=41523161203939122082683632224299007, ply_count=0, locs=(None, None))
First agent: Agent(agent_class=<class 'my_custom_player.CustomPlayer'>, name='Custom Agent')
Second agent: Agent(agent_class=<class 'sample_players.GreedyPlayer'>, name='Greedy Agent')

INFO:isolation:Status: Status.GAME_OVER
Final State: Isolation(board=40224386199753609913435884826003281, ply_count=59, locs=(1, 72))
History: [28, 14, <Action.WNW: 15>, <Action.WSW: -11>, <Action.NNE: 25>, <Action.WNW: 15>, <Action.WSW: -11>, <Action.ENE: 11>, <Action.NNE: 25>, <Action.NNE: 25>, <Action.ESE: -15>, <Action.ENE: 11>, <Action.SSW: -25>, <Action.NNW: 27>, <Action.WSW: -11>, <Action.WSW: -11>, <Action.WNW: 15>, <Action.WSW: -11>, <Action.NNW: 27>, <Action.SSW: -25>, <Action.ENE: 11>, <Action.SSW: -25>, <Action.SSW: -25>, <Action.WNW: 15>, <Action.NNW: 27>, <Action.NNE: 25>, <Action.ESE: -15>, <Action.WSW: -11>, <Action.SSE: -27>, <Action.NNE: 25>, <Action.WSW: -11>, <Action.NNE: 25>, <Action.NNE: 25>, <Action.ENE: 11>, <Action.NNE: 25>, <Action.ESE: -15>, <Action.ENE: 11>, <Action.ESE: -15>, <Action.ESE: -15>, <Action.ENE: 11>, <Action.SSE: -27>, <Action.SSW: -25>, <Action.WSW: -11>, <Action.WSW: -11>, <Action.ESE: -15>, <Action.SSW: -25>, <Action.WSW: -11>, <Action.SSW: -25>, <Action.NNE: 25>, <Action.NNW: 27>, <Action.SSE: -27>, <Action.SSW: -25>, <Action.WSW: -11>, <Action.WNW: 15>, <Action.NNE: 25>, <Action.NNE: 25>, <Action.WSW: -11>, <Action.NNE: 25>, <Action.ESE: -15>]
Winner: Agent(agent_class=<class 'my_custom_player.CustomPlayer'>, name='Custom Agent')
Loser: Agent(agent_class=<class 'sample_players.GreedyPlayer'>, name='Greedy Agent')

INFO:isolation:Status: Status.GAME_OVER
Final State: Isolation(board=33328582142366918173011138582963517, ply_count=60, locs=(40, 1))
History: [7, 28, <Action.NNE: 25>, <Action.NNW: 27>, <Action.NNE: 25>, <Action.NNE: 25>, <Action.NNE: 25>, <Action.WSW: -11>, <Action.ESE: -15>, <Action.ESE: -15>, <Action.ESE: -15>, <Action.SSW: -25>, <Action.WSW: -11>, <Action.WNW: 15>, <Action.SSW: -25>, <Action.WSW: -11>, <Action.WNW: 15>, <Action.NNW: 27>, <Action.NNE: 25>, <Action.NNE: 25>, <Action.WNW: 15>, <Action.ESE: -15>, <Action.SSW: -25>, <Action.ENE: 11>, <Action.SSE: -27>, <Action.NNE: 25>, <Action.ENE: 11>, <Action.SSE: -27>, <Action.WNW: 15>, <Action.WSW: -11>, <Action.SSW: -25>, <Action.WNW: 15>, <Action.WSW: -11>, <Action.WSW: -11>, <Action.NNE: 25>, <Action.SSW: -25>, <Action.NNE: 25>, <Action.WNW: 15>, <Action.NNE: 25>, <Action.ENE: 11>, <Action.NNW: 27>, <Action.NNE: 25>, <Action.SSW: -25>, <Action.WSW: -11>, <Action.SSW: -25>, <Action.NNE: 25>, <Action.SSW: -25>, <Action.ESE: -15>, <Action.ESE: -15>, <Action.ENE: 11>, <Action.ESE: -15>, <Action.ESE: -15>, <Action.ENE: 11>, <Action.ESE: -15>, <Action.NNE: 25>, <Action.SSW: -25>, <Action.SSE: -27>, <Action.SSE: -27>, <Action.NNE: 25>, <Action.SSW: -25>]
Winner: Agent(agent_class=<class 'my_custom_player.CustomPlayer'>, name='Custom Agent')
Loser: Agent(agent_class=<class 'sample_players.GreedyPlayer'>, name='Greedy Agent')

INFO:isolation:Status: Status.GAME_OVER
Final State: Isolation(board=40934364580364917431953627928815582, ply_count=54, locs=(86, 104))
History: [78, 28, <Action.SSW: -25>, <Action.WNW: 15>, <Action.WSW: -11>, <Action.ENE: 11>, <Action.NNE: 25>, <Action.SSW: -25>, <Action.WSW: -11>, <Action.WNW: 15>, <Action.WSW: -11>, <Action.WSW: -11>, <Action.NNE: 25>, <Action.NNE: 25>, <Action.WSW: -11>, <Action.WSW: -11>, <Action.NNE: 25>, <Action.NNE: 25>, <Action.SSE: -27>, <Action.ENE: 11>, <Action.ENE: 11>, <Action.WNW: 15>, <Action.NNW: 27>, <Action.SSE: -27>, <Action.ESE: -15>, <Action.SSW: -25>, <Action.ENE: 11>, <Action.SSW: -25>, <Action.SSW: -25>, <Action.ENE: 11>, <Action.SSW: -25>, <Action.SSE: -27>, <Action.ESE: -15>, <Action.NNE: 25>, <Action.WSW: -11>, <Action.WSW: -11>, <Action.ESE: -15>, <Action.WNW: 15>, <Action.NNW: 27>, <Action.WNW: 15>, <Action.NNE: 25>, <Action.ENE: 11>, <Action.NNW: 27>, <Action.NNE: 25>, <Action.NNW: 27>, <Action.ENE: 11>, <Action.SSW: -25>, <Action.ENE: 11>, <Action.NNW: 27>, <Action.SSW: -25>, <Action.WSW: -11>, <Action.ENE: 11>, <Action.WSW: -11>, <Action.ENE: 11>]
Winner: Agent(agent_class=<class 'my_custom_player.CustomPlayer'>, name='Custom Agent')
Loser: Agent(agent_class=<class 'sample_players.GreedyPlayer'>, name='Greedy Agent')

INFO:isolation:Status: Status.GAME_OVER
Final State: Isolation(board=30509223220497110467418847778627599, ply_count=67, locs=(9, 4))
History: [28, 94, <Action.WNW: 15>, <Action.ENE: 11>, <Action.NNE: 25>, <Action.SSE: -27>, <Action.SSE: -27>, <Action.SSW: -25>, <Action.WSW: -11>, <Action.WSW: -11>, <Action.WNW: 15>, <Action.NNE: 25>, <Action.WSW: -11>, <Action.NNE: 25>, <Action.NNE: 25>, <Action.SSE: -27>, <Action.NNE: 25>, <Action.SSW: -25>, <Action.WSW: -11>, <Action.WSW: -11>, <Action.SSE: -27>, <Action.WSW: -11>, <Action.NNE: 25>, <Action.WSW: -11>, <Action.ENE: 11>, <Action.NNE: 25>, <Action.WNW: 15>, <Action.WNW: 15>, <Action.SSW: -25>, <Action.ENE: 11>, <Action.WNW: 15>, <Action.NNW: 27>, <Action.SSE: -27>, <Action.ENE: 11>, <Action.SSE: -27>, <Action.ENE: 11>, <Action.ENE: 11>, <Action.SSE: -27>, <Action.ENE: 11>, <Action.WSW: -11>, <Action.ENE: 11>, <Action.ESE: -15>, <Action.WNW: 15>, <Action.SSE: -27>, <Action.NNE: 25>, <Action.WSW: -11>, <Action.SSE: -27>, <Action.WSW: -11>, <Action.NNE: 25>, <Action.WNW: 15>, <Action.WSW: -11>, <Action.ENE: 11>, <Action.WNW: 15>, <Action.SSW: -25>, <Action.SSW: -25>, <Action.WNW: 15>, <Action.WNW: 15>, <Action.WSW: -11>, <Action.WNW: 15>, <Action.NNE: 25>, <Action.SSE: -27>, <Action.SSE: -27>, <Action.SSW: -25>, <Action.ENE: 11>, <Action.SSW: -25>, <Action.ESE: -15>, <Action.SSE: -27>]
Winner: Agent(agent_class=<class 'my_custom_player.CustomPlayer'>, name='Custom Agent')
Loser: Agent(agent_class=<class 'sample_players.GreedyPlayer'>, name='Greedy Agent')

INFO:isolation:Initial game state: Isolation(board=41523161203939122082683631888754687, ply_count=2, locs=(28, 26))
First agent: Agent(agent_class=<class 'my_custom_player.CustomPlayer'>, name='Custom Agent')
Second agent: Agent(agent_class=<class 'sample_players.GreedyPlayer'>, name='Greedy Agent')

INFO:isolation:Initial game state: Isolation(board=41523161203936760899442197133256703, ply_count=2, locs=(28, 71))
First agent: Agent(agent_class=<class 'my_custom_player.CustomPlayer'>, name='Custom Agent')
Second agent: Agent(agent_class=<class 'sample_players.GreedyPlayer'>, name='Greedy Agent')

INFO:isolation:Initial game state: Isolation(board=41523121589857864950514835183888383, ply_count=2, locs=(95, 28))
First agent: Agent(agent_class=<class 'sample_players.GreedyPlayer'>, name='Greedy Agent')
Second agent: Agent(agent_class=<class 'my_custom_player.CustomPlayer'>, name='Custom Agent')

INFO:isolation:Initial game state: Isolation(board=41523161203938974508731042279450623, ply_count=2, locs=(67, 28))
First agent: Agent(agent_class=<class 'sample_players.GreedyPlayer'>, name='Greedy Agent')
Second agent: Agent(agent_class=<class 'my_custom_player.CustomPlayer'>, name='Custom Agent')

INFO:isolation:Status: Status.GAME_OVER
Final State: Isolation(board=38724077148267597398094233373894331, ply_count=52, locs=(111, 105))
History: [<Action.NNE: 25>, <Action.WNW: 15>, <Action.WSW: -11>, <Action.WSW: -11>, <Action.ESE: -15>, <Action.WNW: 15>, <Action.SSW: -25>, <Action.NNE: 25>, <Action.WNW: 15>, <Action.ENE: 11>, <Action.WSW: -11>, <Action.SSE: -27>, <Action.NNE: 25>, <Action.SSW: -25>, <Action.NNE: 25>, <Action.WNW: 15>, <Action.WNW: 15>, <Action.WSW: -11>, <Action.SSW: -25>, <Action.NNE: 25>, <Action.ENE: 11>, <Action.WSW: -11>, <Action.NNE: 25>, <Action.NNE: 25>, <Action.NNE: 25>, <Action.ENE: 11>, <Action.WSW: -11>, <Action.ENE: 11>, <Action.SSE: -27>, <Action.ESE: -15>, <Action.WNW: 15>, <Action.WSW: -11>, <Action.SSW: -25>, <Action.NNE: 25>, <Action.WSW: -11>, <Action.SSE: -27>, <Action.SSW: -25>, <Action.NNE: 25>, <Action.ESE: -15>, <Action.WSW: -11>, <Action.ENE: 11>, <Action.ESE: -15>, <Action.WNW: 15>, <Action.SSW: -25>, <Action.NNW: 27>, <Action.NNW: 27>, <Action.NNE: 25>, <Action.ENE: 11>, <Action.NNE: 25>, <Action.NNW: 27>]
Winner: Agent(agent_class=<class 'my_custom_player.CustomPlayer'>, name='Custom Agent')
Loser: Agent(agent_class=<class 'sample_players.GreedyPlayer'>, name='Greedy Agent')

INFO:isolation:Initial game state: Isolation(board=41523161203334659172876317368510463, ply_count=2, locs=(28, 79))
First agent: Agent(agent_class=<class 'my_custom_player.CustomPlayer'>, name='Custom Agent')
Second agent: Agent(agent_class=<class 'sample_players.GreedyPlayer'>, name='Greedy Agent')

INFO:isolation:Status: Status.INVALID_MOVE
Final State: Isolation(board=40995709577420741428720106446342075, ply_count=50, locs=(40, 19))
History: [<Action.NNE: 25>, <Action.ENE: 11>, <Action.SSE: -27>, <Action.ESE: -15>, <Action.WSW: -11>, <Action.WSW: -11>, <Action.NNW: 27>, <Action.NNE: 25>, <Action.SSW: -25>, <Action.SSE: -27>, <Action.WSW: -11>, <Action.SSW: -25>, <Action.NNE: 25>, <Action.WSW: -11>, <Action.WSW: -11>, <Action.WNW: 15>, <Action.NNE: 25>, <Action.NNE: 25>, <Action.NNE: 25>, <Action.WNW: 15>, <Action.WSW: -11>, <Action.ENE: 11>, <Action.ESE: -15>, <Action.SSE: -27>, <Action.NNE: 25>, <Action.ENE: 11>, <Action.NNW: 27>, <Action.SSE: -27>, <Action.ENE: 11>, <Action.NNE: 25>, <Action.SSE: -27>, <Action.NNW: 27>, <Action.NNE: 25>, <Action.WNW: 15>, <Action.WSW: -11>, <Action.SSW: -25>, <Action.ESE: -15>, <Action.WSW: -11>, <Action.SSE: -27>, <Action.SSW: -25>, <Action.SSW: -25>, <Action.ESE: -15>, <Action.SSW: -25>, <Action.WSW: -11>, <Action.ENE: 11>, <Action.NNE: 25>, <Action.NNW: 27>, <Action.SSE: -27>]
Winner: Agent(agent_class=<class 'sample_players.GreedyPlayer'>, name='Greedy Agent')
Loser: Agent(agent_class=<class 'my_custom_player.CustomPlayer'>, name='Custom Agent')

INFO:isolation:Initial game state: Isolation(board=41523161203939122082683631955863295, ply_count=2, locs=(8, 28))
First agent: Agent(agent_class=<class 'sample_players.GreedyPlayer'>, name='Greedy Agent')
Second agent: Agent(agent_class=<class 'my_custom_player.CustomPlayer'>, name='Custom Agent')

INFO:isolation:Status: Status.GAME_OVER
Final State: Isolation(board=25884799013762001903548811861616479, ply_count=59, locs=(104, 112))
History: [<Action.ESE: -15>, <Action.WSW: -11>, <Action.WSW: -11>, <Action.NNE: 25>, <Action.ESE: -15>, <Action.NNE: 25>, <Action.SSW: -25>, <Action.WSW: -11>, <Action.WSW: -11>, <Action.WSW: -11>, <Action.WNW: 15>, <Action.NNE: 25>, <Action.NNE: 25>, <Action.WSW: -11>, <Action.WSW: -11>, <Action.NNE: 25>, <Action.NNE: 25>, <Action.SSE: -27>, <Action.ENE: 11>, <Action.NNE: 25>, <Action.ESE: -15>, <Action.WSW: -11>, <Action.SSE: -27>, <Action.SSW: -25>, <Action.NNE: 25>, <Action.SSE: -27>, <Action.WNW: 15>, <Action.ENE: 11>, <Action.WNW: 15>, <Action.SSW: -25>, <Action.WSW: -11>, <Action.NNW: 27>, <Action.SSW: -25>, <Action.SSW: -25>, <Action.SSW: -25>, <Action.NNW: 27>, <Action.ESE: -15>, <Action.NNW: 27>, <Action.ENE: 11>, <Action.NNW: 27>, <Action.ESE: -15>, <Action.NNE: 25>, <Action.ENE: 11>, <Action.ESE: -15>, <Action.NNE: 25>, <Action.SSW: -25>, <Action.NNW: 27>, <Action.SSW: -25>, <Action.WNW: 15>, <Action.NNW: 27>, <Action.ENE: 11>, <Action.ENE: 11>, <Action.SSE: -27>, <Action.ENE: 11>, <Action.WNW: 15>, <Action.WNW: 15>, <Action.ENE: 11>]
Winner: Agent(agent_class=<class 'my_custom_player.CustomPlayer'>, name='Custom Agent')
Loser: Agent(agent_class=<class 'sample_players.GreedyPlayer'>, name='Greedy Agent')

INFO:isolation:Initial game state: Isolation(board=31138567486869466825622639297423359, ply_count=2, locs=(28, 113))
First agent: Agent(agent_class=<class 'my_custom_player.CustomPlayer'>, name='Custom Agent')
Second agent: Agent(agent_class=<class 'sample_players.GreedyPlayer'>, name='Greedy Agent')

INFO:isolation:Status: Status.INVALID_MOVE
Final State: Isolation(board=1058654444981453433334585366898559, ply_count=63, locs=(86, 112))
History: [<Action.SSW: -25>, <Action.NNE: 25>, <Action.WSW: -11>, <Action.SSE: -27>, <Action.WNW: 15>, <Action.WSW: -11>, <Action.NNE: 25>, <Action.NNE: 25>, <Action.SSE: -27>, <Action.NNE: 25>, <Action.WSW: -11>, <Action.WSW: -11>, <Action.NNE: 25>, <Action.WSW: -11>, <Action.NNE: 25>, <Action.SSW: -25>, <Action.WSW: -11>, <Action.WSW: -11>, <Action.SSE: -27>, <Action.NNE: 25>, <Action.NNE: 25>, <Action.NNW: 27>, <Action.ENE: 11>, <Action.NNE: 25>, <Action.ESE: -15>, <Action.NNW: 27>, <Action.SSW: -25>, <Action.ESE: -15>, <Action.WSW: -11>, <Action.ENE: 11>, <Action.WSW: -11>, <Action.SSW: -25>, <Action.WNW: 15>, <Action.SSE: -27>, <Action.WNW: 15>, <Action.NNE: 25>, <Action.NNE: 25>, <Action.NNE: 25>, <Action.ENE: 11>, <Action.WSW: -11>, <Action.SSW: -25>, <Action.ESE: -15>, <Action.SSW: -25>, <Action.NNE: 25>, <Action.ESE: -15>, <Action.WSW: -11>, <Action.NNW: 27>, <Action.SSW: -25>, <Action.WSW: -11>, <Action.NNW: 27>, <Action.ESE: -15>, <Action.WNW: 15>, <Action.NNW: 27>, <Action.WSW: -11>, <Action.NNE: 25>, <Action.WNW: 15>, <Action.NNE: 25>, <Action.SSE: -27>, <Action.WNW: 15>, <Action.NNE: 25>, <Action.SSE: -27>]
Winner: Agent(agent_class=<class 'sample_players.GreedyPlayer'>, name='Greedy Agent')
Loser: Agent(agent_class=<class 'my_custom_player.CustomPlayer'>, name='Custom Agent')

INFO:isolation:Initial game state: Isolation(board=41523156252178964941162532359366655, ply_count=2, locs=(92, 28))
First agent: Agent(agent_class=<class 'sample_players.GreedyPlayer'>, name='Greedy Agent')
Second agent: Agent(agent_class=<class 'my_custom_player.CustomPlayer'>, name='Custom Agent')

INFO:isolation:Status: Status.INVALID_MOVE
Final State: Isolation(board=36167416341754058025040699524597754, ply_count=50, locs=(2, 61))
History: [<Action.NNE: 25>, <Action.SSW: -25>, <Action.NNE: 25>, <Action.SSW: -25>, <Action.WSW: -11>, <Action.WNW: 15>, <Action.ESE: -15>, <Action.WSW: -11>, <Action.WSW: -11>, <Action.NNE: 25>, <Action.WSW: -11>, <Action.NNE: 25>, <Action.NNE: 25>, <Action.WSW: -11>, <Action.ENE: 11>, <Action.ESE: -15>, <Action.WNW: 15>, <Action.SSW: -25>, <Action.SSW: -25>, <Action.NNW: 27>, <Action.SSW: -25>, <Action.SSW: -25>, <Action.WNW: 15>, <Action.ENE: 11>, <Action.NNE: 25>, <Action.WNW: 15>, <Action.NNE: 25>, <Action.NNE: 25>, <Action.ENE: 11>, <Action.WSW: -11>, <Action.SSE: -27>, <Action.NNE: 25>, <Action.WSW: -11>, <Action.ESE: -15>, <Action.SSE: -27>, <Action.WSW: -11>, <Action.ESE: -15>, <Action.NNE: 25>, <Action.SSE: -27>, <Action.WSW: -11>, <Action.WNW: 15>, <Action.NNE: 25>, <Action.NNE: 25>, <Action.ESE: -15>, <Action.SSE: -27>, <Action.WSW: -11>, <Action.WSW: -11>, <Action.SSW: -25>]
Winner: Agent(agent_class=<class 'sample_players.GreedyPlayer'>, name='Greedy Agent')
Loser: Agent(agent_class=<class 'my_custom_player.CustomPlayer'>, name='Custom Agent')

INFO:isolation:Initial game state: Isolation(board=41523161203939122082683631955863535, ply_count=2, locs=(28, 4))
First agent: Agent(agent_class=<class 'my_custom_player.CustomPlayer'>, name='Custom Agent')
Second agent: Agent(agent_class=<class 'sample_players.GreedyPlayer'>, name='Greedy Agent')

INFO:isolation:Status: Status.GAME_OVER
Final State: Isolation(board=26187128736200943497383227601381119, ply_count=59, locs=(111, 36))
History: [<Action.NNE: 25>, <Action.NNE: 25>, <Action.NNE: 25>, <Action.NNE: 25>, <Action.NNE: 25>, <Action.WSW: -11>, <Action.WSW: -11>, <Action.NNE: 25>, <Action.ESE: -15>, <Action.SSE: -27>, <Action.SSE: -27>, <Action.SSW: -25>, <Action.ENE: 11>, <Action.WNW: 15>, <Action.SSW: -25>, <Action.WSW: -11>, <Action.WNW: 15>, <Action.SSW: -25>, <Action.WSW: -11>, <Action.WNW: 15>, <Action.NNW: 27>, <Action.NNE: 25>, <Action.ESE: -15>, <Action.NNE: 25>, <Action.WSW: -11>, <Action.ESE: -15>, <Action.NNE: 25>, <Action.ESE: -15>, <Action.NNE: 25>, <Action.WSW: -11>, <Action.WSW: -11>, <Action.NNW: 27>, <Action.NNE: 25>, <Action.NNW: 27>, <Action.ENE: 11>, <Action.ENE: 11>, <Action.ESE: -15>, <Action.ESE: -15>, <Action.NNE: 25>, <Action.SSW: -25>, <Action.SSE: -27>, <Action.NNW: 27>, <Action.WNW: 15>, <Action.WNW: 15>, <Action.WNW: 15>, <Action.WSW: -11>, <Action.WSW: -11>, <Action.WSW: -11>, <Action.SSW: -25>, <Action.NNE: 25>, <Action.SSW: -25>, <Action.SSE: -27>, <Action.NNW: 27>, <Action.SSW: -25>, <Action.NNE: 25>, <Action.SSW: -25>, <Action.ENE: 11>]
Winner: Agent(agent_class=<class 'my_custom_player.CustomPlayer'>, name='Custom Agent')
Loser: Agent(agent_class=<class 'sample_players.GreedyPlayer'>, name='Greedy Agent')

INFO:isolation:Initial game state: Isolation(board=41523161203939120929762127349016575, ply_count=2, locs=(60, 28))
First agent: Agent(agent_class=<class 'sample_players.GreedyPlayer'>, name='Greedy Agent')
Second agent: Agent(agent_class=<class 'my_custom_player.CustomPlayer'>, name='Custom Agent')

INFO:isolation:Status: Status.GAME_OVER
Final State: Isolation(board=25195269042521778665584993895655274, ply_count=64, locs=(19, 98))
History: [<Action.NNE: 25>, <Action.SSE: -27>, <Action.NNE: 25>, <Action.ESE: -15>, <Action.WSW: -11>, <Action.SSE: -27>, <Action.NNE: 25>, <Action.NNE: 25>, <Action.WSW: -11>, <Action.WSW: -11>, <Action.ESE: -15>, <Action.NNE: 25>, <Action.SSW: -25>, <Action.WSW: -11>, <Action.SSE: -27>, <Action.ESE: -15>, <Action.NNE: 25>, <Action.SSW: -25>, <Action.WNW: 15>, <Action.WSW: -11>, <Action.WSW: -11>, <Action.NNE: 25>, <Action.SSW: -25>, <Action.ESE: -15>, <Action.WSW: -11>, <Action.WSW: -11>, <Action.WNW: 15>, <Action.NNE: 25>, <Action.NNE: 25>, <Action.WSW: -11>, <Action.NNW: 27>, <Action.NNE: 25>, <Action.ENE: 11>, <Action.NNE: 25>, <Action.ESE: -15>, <Action.WSW: -11>, <Action.NNE: 25>, <Action.SSW: -25>, <Action.ENE: 11>, <Action.ESE: -15>, <Action.ESE: -15>, <Action.NNW: 27>, <Action.WSW: -11>, <Action.NNW: 27>, <Action.ESE: -15>, <Action.NNE: 25>, <Action.SSW: -25>, <Action.ESE: -15>, <Action.SSW: -25>, <Action.ESE: -15>, <Action.ESE: -15>, <Action.ENE: 11>, <Action.NNW: 27>, <Action.ENE: 11>, <Action.SSW: -25>, <Action.SSW: -25>, <Action.NNW: 27>, <Action.WNW: 15>, <Action.SSW: -25>, <Action.WNW: 15>, <Action.WNW: 15>, <Action.WSW: -11>]
Winner: Agent(agent_class=<class 'my_custom_player.CustomPlayer'>, name='Custom Agent')
Loser: Agent(agent_class=<class 'sample_players.GreedyPlayer'>, name='Greedy Agent')

INFO:isolation:Initial game state: Isolation(board=41523161203939122064669233446381567, ply_count=2, locs=(28, 54))
First agent: Agent(agent_class=<class 'my_custom_player.CustomPlayer'>, name='Custom Agent')
Second agent: Agent(agent_class=<class 'sample_players.GreedyPlayer'>, name='Greedy Agent')

INFO:isolation:Status: Status.INVALID_MOVE
Final State: Isolation(board=39615688567569160477277384889165753, ply_count=61, locs=(48, 1))
History: [<Action.SSW: -25>, <Action.NNE: 25>, <Action.WSW: -11>, <Action.WSW: -11>, <Action.ESE: -15>, <Action.ESE: -15>, <Action.WSW: -11>, <Action.SSW: -25>, <Action.NNE: 25>, <Action.WNW: 15>, <Action.WNW: 15>, <Action.WSW: -11>, <Action.WSW: -11>, <Action.NNE: 25>, <Action.NNE: 25>, <Action.WSW: -11>, <Action.WSW: -11>, <Action.NNE: 25>, <Action.ESE: -15>, <Action.WNW: 15>, <Action.NNE: 25>, <Action.ENE: 11>, <Action.WSW: -11>, <Action.ENE: 11>, <Action.SSW: -25>, <Action.NNE: 25>, <Action.ESE: -15>, <Action.SSE: -27>, <Action.ENE: 11>, <Action.NNE: 25>, <Action.ENE: 11>, <Action.SSE: -27>, <Action.NNE: 25>, <Action.WNW: 15>, <Action.NNW: 27>, <Action.WNW: 15>, <Action.SSW: -25>, <Action.WSW: -11>, <Action.WNW: 15>, <Action.WSW: -11>, <Action.WSW: -11>, <Action.SSW: -25>, <Action.WSW: -11>, <Action.SSE: -27>, <Action.NNE: 25>, <Action.ESE: -15>, <Action.ENE: 11>, <Action.NNE: 25>, <Action.ESE: -15>, <Action.ESE: -15>, <Action.SSE: -27>, <Action.ENE: 11>, <Action.WSW: -11>, <Action.SSW: -25>, <Action.WSW: -11>, <Action.ENE: 11>, <Action.SSW: -25>, <Action.SSW: -25>, <Action.NNW: 27>]
Winner: Agent(agent_class=<class 'sample_players.GreedyPlayer'>, name='Greedy Agent')
Loser: Agent(agent_class=<class 'my_custom_player.CustomPlayer'>, name='Custom Agent')

INFO:isolation:Initial game state: Isolation(board=41523161203939122082683631955863535, ply_count=2, locs=(4, 28))
First agent: Agent(agent_class=<class 'sample_players.GreedyPlayer'>, name='Greedy Agent')
Second agent: Agent(agent_class=<class 'my_custom_player.CustomPlayer'>, name='Custom Agent')

INFO:isolation:Status: Status.GAME_OVER
Final State: Isolation(board=41522992690239111545248075643242251, ply_count=51, locs=(13, 4))
History: [<Action.NNE: 25>, <Action.NNE: 25>, <Action.ESE: -15>, <Action.NNE: 25>, <Action.ENE: 11>, <Action.WSW: -11>, <Action.SSE: -27>, <Action.ESE: -15>, <Action.SSW: -25>, <Action.WSW: -11>, <Action.WNW: 15>, <Action.SSW: -25>, <Action.NNE: 25>, <Action.WSW: -11>, <Action.WNW: 15>, <Action.WNW: 15>, <Action.SSE: -27>, <Action.NNE: 25>, <Action.WSW: -11>, <Action.ENE: 11>, <Action.NNW: 27>, <Action.WNW: 15>, <Action.ESE: -15>, <Action.ENE: 11>, <Action.NNE: 25>, <Action.WNW: 15>, <Action.ESE: -15>, <Action.SSW: -25>, <Action.NNE: 25>, <Action.WSW: -11>, <Action.SSE: -27>, <Action.NNE: 25>, <Action.WSW: -11>, <Action.SSE: -27>, <Action.NNE: 25>, <Action.SSE: -27>, <Action.ESE: -15>, <Action.SSW: -25>, <Action.SSW: -25>, <Action.ENE: 11>, <Action.SSW: -25>, <Action.WNW: 15>, <Action.NNW: 27>, <Action.SSE: -27>, <Action.ESE: -15>, <Action.NNE: 25>, <Action.SSW: -25>, <Action.SSE: -27>, <Action.ENE: 11>]
Winner: Agent(agent_class=<class 'my_custom_player.CustomPlayer'>, name='Custom Agent')
Loser: Agent(agent_class=<class 'sample_players.GreedyPlayer'>, name='Greedy Agent')

INFO:isolation:Initial game state: Isolation(board=41523161203939122082120682002442239, ply_count=2, locs=(28, 49))
First agent: Agent(agent_class=<class 'my_custom_player.CustomPlayer'>, name='Custom Agent')
Second agent: Agent(agent_class=<class 'sample_players.GreedyPlayer'>, name='Greedy Agent')

INFO:isolation:Status: Status.GAME_OVER
Final State: Isolation(board=35029056196469525189334268694751055, ply_count=52, locs=(21, 101))
History: [<Action.NNE: 25>, <Action.NNE: 25>, <Action.WSW: -11>, <Action.NNE: 25>, <Action.NNE: 25>, <Action.NNW: 27>, <Action.WSW: -11>, <Action.WSW: -11>, <Action.SSW: -25>, <Action.WSW: -11>, <Action.NNW: 27>, <Action.NNE: 25>, <Action.SSW: -25>, <Action.SSE: -27>, <Action.ENE: 11>, <Action.SSE: -27>, <Action.NNE: 25>, <Action.ENE: 11>, <Action.NNW: 27>, <Action.NNW: 27>, <Action.SSW: -25>, <Action.NNE: 25>, <Action.SSW: -25>, <Action.WSW: -11>, <Action.WNW: 15>, <Action.WNW: 15>, <Action.ENE: 11>, <Action.WSW: -11>, <Action.SSE: -27>, <Action.WSW: -11>, <Action.SSW: -25>, <Action.ESE: -15>, <Action.ESE: -15>, <Action.NNE: 25>, <Action.NNW: 27>, <Action.WSW: -11>, <Action.SSW: -25>, <Action.NNE: 25>, <Action.WNW: 15>, <Action.ENE: 11>, <Action.NNE: 25>, <Action.SSE: -27>, <Action.WNW: 15>, <Action.WNW: 15>, <Action.ENE: 11>, <Action.WSW: -11>, <Action.SSW: -25>, <Action.NNE: 25>, <Action.SSE: -27>, <Action.WSW: -11>]
Winner: Agent(agent_class=<class 'my_custom_player.CustomPlayer'>, name='Custom Agent')
Loser: Agent(agent_class=<class 'sample_players.GreedyPlayer'>, name='Greedy Agent')

INFO:isolation:Initial game state: Isolation(board=38927012774671708268418383791253503, ply_count=2, locs=(111, 28))
First agent: Agent(agent_class=<class 'sample_players.GreedyPlayer'>, name='Greedy Agent')
Second agent: Agent(agent_class=<class 'my_custom_player.CustomPlayer'>, name='Custom Agent')

INFO:isolation:Status: Status.INVALID_MOVE
Final State: Isolation(board=41177555430010411155966483252832239, ply_count=47, locs=(27, 68))
History: [<Action.NNE: 25>, <Action.NNE: 25>, <Action.NNE: 25>, <Action.NNE: 25>, <Action.WNW: 15>, <Action.WSW: -11>, <Action.WSW: -11>, <Action.ESE: -15>, <Action.NNE: 25>, <Action.WSW: -11>, <Action.WSW: -11>, <Action.WNW: 15>, <Action.ESE: -15>, <Action.NNE: 25>, <Action.SSW: -25>, <Action.ESE: -15>, <Action.NNW: 27>, <Action.NNE: 25>, <Action.SSW: -25>, <Action.WSW: -11>, <Action.ENE: 11>, <Action.SSW: -25>, <Action.WNW: 15>, <Action.WSW: -11>, <Action.NNE: 25>, <Action.SSW: -25>, <Action.WSW: -11>, <Action.NNW: 27>, <Action.NNE: 25>, <Action.NNE: 25>, <Action.ESE: -15>, <Action.WNW: 15>, <Action.WSW: -11>, <Action.ENE: 11>, <Action.SSW: -25>, <Action.ENE: 11>, <Action.ESE: -15>, <Action.ESE: -15>, <Action.ESE: -15>, <Action.ENE: 11>, <Action.NNE: 25>, <Action.SSW: -25>, <Action.SSE: -27>, <Action.WSW: -11>, <Action.ENE: 11>]
Winner: Agent(agent_class=<class 'sample_players.GreedyPlayer'>, name='Greedy Agent')
Loser: Agent(agent_class=<class 'my_custom_player.CustomPlayer'>, name='Custom Agent')

INFO:isolation:Initial game state: Isolation(board=41523161203939122082683597596125183, ply_count=2, locs=(28, 35))
First agent: Agent(agent_class=<class 'my_custom_player.CustomPlayer'>, name='Custom Agent')
Second agent: Agent(agent_class=<class 'sample_players.GreedyPlayer'>, name='Greedy Agent')

INFO:isolation:Status: Status.GAME_OVER
Final State: Isolation(board=39332267147355479478039805809436211, ply_count=66, locs=(110, 6))
History: [<Action.NNE: 25>, <Action.SSW: -25>, <Action.WSW: -11>, <Action.WNW: 15>, <Action.WSW: -11>, <Action.WSW: -11>, <Action.NNE: 25>, <Action.NNW: 27>, <Action.WSW: -11>, <Action.NNE: 25>, <Action.ESE: -15>, <Action.ESE: -15>, <Action.NNW: 27>, <Action.WSW: -11>, <Action.SSW: -25>, <Action.NNW: 27>, <Action.ENE: 11>, <Action.SSW: -25>, <Action.WNW: 15>, <Action.ENE: 11>, <Action.ENE: 11>, <Action.ENE: 11>, <Action.WNW: 15>, <Action.WNW: 15>, <Action.NNE: 25>, <Action.SSW: -25>, <Action.ESE: -15>, <Action.SSE: -27>, <Action.SSE: -27>, <Action.SSW: -25>, <Action.ENE: 11>, <Action.WNW: 15>, <Action.WNW: 15>, <Action.ENE: 11>, <Action.SSE: -27>, <Action.SSE: -27>, <Action.NNE: 25>, <Action.WNW: 15>, <Action.WSW: -11>, <Action.SSE: -27>, <Action.ESE: -15>, <Action.ENE: 11>, <Action.SSW: -25>, <Action.WNW: 15>, <Action.WNW: 15>, <Action.SSE: -27>, <Action.NNW: 27>, <Action.ENE: 11>, <Action.NNE: 25>, <Action.ESE: -15>, <Action.ESE: -15>, <Action.ENE: 11>, <Action.WSW: -11>, <Action.NNW: 27>, <Action.NNE: 25>, <Action.SSW: -25>, <Action.SSE: -27>, <Action.ENE: 11>, <Action.WSW: -11>, <Action.SSW: -25>, <Action.NNW: 27>, <Action.WNW: 15>, <Action.WNW: 15>, <Action.WSW: -11>]
Winner: Agent(agent_class=<class 'my_custom_player.CustomPlayer'>, name='Custom Agent')
Loser: Agent(agent_class=<class 'sample_players.GreedyPlayer'>, name='Greedy Agent')

INFO:isolation:Initial game state: Isolation(board=41523161203939122082648447583774719, ply_count=2, locs=(45, 28))
First agent: Agent(agent_class=<class 'sample_players.GreedyPlayer'>, name='Greedy Agent')
Second agent: Agent(agent_class=<class 'my_custom_player.CustomPlayer'>, name='Custom Agent')

INFO:isolation:Status: Status.GAME_OVER
Final State: Isolation(board=41238734499305445650102048229091279, ply_count=50, locs=(92, 105))
History: [<Action.NNE: 25>, <Action.ENE: 11>, <Action.NNE: 25>, <Action.NNE: 25>, <Action.WSW: -11>, <Action.ESE: -15>, <Action.ESE: -15>, <Action.ENE: 11>, <Action.WSW: -11>, <Action.SSE: -27>, <Action.SSW: -25>, <Action.SSW: -25>, <Action.WSW: -11>, <Action.WNW: 15>, <Action.NNE: 25>, <Action.NNE: 25>, <Action.WSW: -11>, <Action.WNW: 15>, <Action.ESE: -15>, <Action.WSW: -11>, <Action.NNW: 27>, <Action.NNE: 25>, <Action.WSW: -11>, <Action.ESE: -15>, <Action.NNW: 27>, <Action.WSW: -11>, <Action.ENE: 11>, <Action.ESE: -15>, <Action.ESE: -15>, <Action.NNE: 25>, <Action.WSW: -11>, <Action.ENE: 11>, <Action.NNW: 27>, <Action.SSE: -27>, <Action.SSW: -25>, <Action.NNE: 25>, <Action.NNW: 27>, <Action.WSW: -11>, <Action.ESE: -15>, <Action.WNW: 15>, <Action.NNE: 25>, <Action.ENE: 11>, <Action.NNE: 25>, <Action.SSE: -27>, <Action.ENE: 11>, <Action.WNW: 15>, <Action.ESE: -15>, <Action.ENE: 11>]
Winner: Agent(agent_class=<class 'my_custom_player.CustomPlayer'>, name='Custom Agent')
Loser: Agent(agent_class=<class 'sample_players.GreedyPlayer'>, name='Greedy Agent')

INFO:isolation:Initial game state: Isolation(board=41523161203939122082683631955847167, ply_count=2, locs=(28, 14))
First agent: Agent(agent_class=<class 'my_custom_player.CustomPlayer'>, name='Custom Agent')
Second agent: Agent(agent_class=<class 'sample_players.GreedyPlayer'>, name='Greedy Agent')

INFO:isolation:Status: Status.GAME_OVER
Final State: Isolation(board=38845627967047127942247566971774487, ply_count=61, locs=(3, 85))
History: [<Action.SSE: -27>, <Action.NNE: 25>, <Action.ESE: -15>, <Action.SSE: -27>, <Action.ESE: -15>, <Action.WSW: -11>, <Action.SSW: -25>, <Action.NNE: 25>, <Action.NNW: 27>, <Action.WNW: 15>, <Action.SSW: -25>, <Action.SSW: -25>, <Action.WNW: 15>, <Action.WNW: 15>, <Action.NNE: 25>, <Action.WNW: 15>, <Action.ENE: 11>, <Action.WSW: -11>, <Action.ENE: 11>, <Action.NNE: 25>, <Action.SSW: -25>, <Action.SSE: -27>, <Action.WNW: 15>, <Action.ENE: 11>, <Action.WSW: -11>, <Action.ESE: -15>, <Action.NNE: 25>, <Action.NNW: 27>, <Action.WSW: -11>, <Action.WSW: -11>, <Action.SSW: -25>, <Action.WSW: -11>, <Action.SSE: -27>, <Action.SSE: -27>, <Action.ESE: -15>, <Action.ESE: -15>, <Action.WSW: -11>, <Action.ENE: 11>, <Action.NNE: 25>, <Action.NNE: 25>, <Action.ESE: -15>, <Action.NNE: 25>, <Action.WSW: -11>, <Action.NNE: 25>, <Action.NNE: 25>, <Action.SSE: -27>, <Action.SSE: -27>, <Action.WNW: 15>, <Action.ENE: 11>, <Action.ENE: 11>, <Action.NNE: 25>, <Action.WNW: 15>, <Action.NNE: 25>, <Action.SSW: -25>, <Action.SSE: -27>, <Action.WNW: 15>, <Action.SSW: -25>, <Action.WSW: -11>, <Action.WSW: -11>]
Winner: Agent(agent_class=<class 'my_custom_player.CustomPlayer'>, name='Custom Agent')
Loser: Agent(agent_class=<class 'sample_players.GreedyPlayer'>, name='Greedy Agent')

INFO:isolation:Initial game state: Isolation(board=41523161203939122082683631955863423, ply_count=2, locs=(7, 28))
First agent: Agent(agent_class=<class 'sample_players.GreedyPlayer'>, name='Greedy Agent')
Second agent: Agent(agent_class=<class 'my_custom_player.CustomPlayer'>, name='Custom Agent')

INFO:isolation:Status: Status.GAME_OVER
Final State: Isolation(board=41279254675906980214257063159686863, ply_count=52, locs=(91, 8))
History: [<Action.NNE: 25>, <Action.NNE: 25>, <Action.NNE: 25>, <Action.NNE: 25>, <Action.WSW: -11>, <Action.ESE: -15>, <Action.ESE: -15>, <Action.ENE: 11>, <Action.WSW: -11>, <Action.SSE: -27>, <Action.SSW: -25>, <Action.SSW: -25>, <Action.WSW: -11>, <Action.WNW: 15>, <Action.NNE: 25>, <Action.NNE: 25>, <Action.WSW: -11>, <Action.WNW: 15>, <Action.ESE: -15>, <Action.WSW: -11>, <Action.ENE: 11>, <Action.NNE: 25>, <Action.NNW: 27>, <Action.ESE: -15>, <Action.SSW: -25>, <Action.WSW: -11>, <Action.WNW: 15>, <Action.SSW: -25>, <Action.NNW: 27>, <Action.ENE: 11>, <Action.SSW: -25>, <Action.SSW: -25>, <Action.NNW: 27>, <Action.ESE: -15>, <Action.NNE: 25>, <Action.NNW: 27>, <Action.ENE: 11>, <Action.ENE: 11>, <Action.ESE: -15>, <Action.SSW: -25>, <Action.NNE: 25>, <Action.WNW: 15>, <Action.SSE: -27>, <Action.SSW: -25>, <Action.WNW: 15>, <Action.NNW: 27>, <Action.ENE: 11>, <Action.SSW: -25>, <Action.ESE: -15>, <Action.ESE: -15>]
Winner: Agent(agent_class=<class 'my_custom_player.CustomPlayer'>, name='Custom Agent')
Loser: Agent(agent_class=<class 'sample_players.GreedyPlayer'>, name='Greedy Agent')

INFO:isolation:Initial game state: Isolation(board=41523161203636890627779974662187007, ply_count=2, locs=(78, 28))
First agent: Agent(agent_class=<class 'sample_players.GreedyPlayer'>, name='Greedy Agent')
Second agent: Agent(agent_class=<class 'my_custom_player.CustomPlayer'>, name='Custom Agent')

INFO:isolation:Status: Status.GAME_OVER
Final State: Isolation(board=41502390891786601402466896117745659, ply_count=48, locs=(104, 79))
History: [<Action.NNE: 25>, <Action.NNE: 25>, <Action.ENE: 11>, <Action.WSW: -11>, <Action.SSE: -27>, <Action.NNE: 25>, <Action.SSW: -25>, <Action.WSW: -11>, <Action.WNW: 15>, <Action.SSW: -25>, <Action.WSW: -11>, <Action.NNW: 27>, <Action.NNW: 27>, <Action.ENE: 11>, <Action.NNE: 25>, <Action.WNW: 15>, <Action.WSW: -11>, <Action.SSW: -25>, <Action.SSE: -27>, <Action.SSE: -27>, <Action.NNE: 25>, <Action.NNE: 25>, <Action.ENE: 11>, <Action.ENE: 11>, <Action.WNW: 15>, <Action.SSE: -27>, <Action.SSW: -25>, <Action.NNE: 25>, <Action.SSE: -27>, <Action.NNE: 25>, <Action.SSE: -27>, <Action.WSW: -11>, <Action.WNW: 15>, <Action.SSW: -25>, <Action.NNW: 27>, <Action.ESE: -15>, <Action.NNE: 25>, <Action.SSE: -27>, <Action.ENE: 11>, <Action.WSW: -11>, <Action.ESE: -15>, <Action.NNE: 25>, <Action.ENE: 11>, <Action.NNE: 25>, <Action.ENE: 11>, <Action.NNW: 27>]
Winner: Agent(agent_class=<class 'my_custom_player.CustomPlayer'>, name='Custom Agent')
Loser: Agent(agent_class=<class 'sample_players.GreedyPlayer'>, name='Greedy Agent')

INFO:isolation:Initial game state: Isolation(board=41523141396898493516599233569875967, ply_count=2, locs=(28, 94))
First agent: Agent(agent_class=<class 'my_custom_player.CustomPlayer'>, name='Custom Agent')
Second agent: Agent(agent_class=<class 'sample_players.GreedyPlayer'>, name='Greedy Agent')

INFO:isolation:Status: Status.GAME_OVER
Final State: Isolation(board=35029056196469525189334268694734687, ply_count=52, locs=(21, 101))
History: [<Action.NNE: 25>, <Action.WNW: 15>, <Action.WSW: -11>, <Action.NNE: 25>, <Action.NNE: 25>, <Action.NNW: 27>, <Action.WSW: -11>, <Action.WSW: -11>, <Action.SSW: -25>, <Action.WSW: -11>, <Action.NNW: 27>, <Action.NNE: 25>, <Action.SSW: -25>, <Action.SSE: -27>, <Action.ENE: 11>, <Action.SSE: -27>, <Action.NNE: 25>, <Action.ENE: 11>, <Action.NNW: 27>, <Action.NNW: 27>, <Action.SSW: -25>, <Action.NNE: 25>, <Action.SSW: -25>, <Action.WSW: -11>, <Action.WNW: 15>, <Action.WNW: 15>, <Action.ENE: 11>, <Action.WSW: -11>, <Action.SSE: -27>, <Action.WSW: -11>, <Action.SSW: -25>, <Action.ESE: -15>, <Action.ESE: -15>, <Action.NNE: 25>, <Action.NNW: 27>, <Action.WSW: -11>, <Action.SSW: -25>, <Action.NNE: 25>, <Action.WNW: 15>, <Action.ENE: 11>, <Action.NNE: 25>, <Action.SSE: -27>, <Action.WNW: 15>, <Action.WNW: 15>, <Action.ENE: 11>, <Action.WSW: -11>, <Action.SSW: -25>, <Action.NNE: 25>, <Action.SSE: -27>, <Action.WSW: -11>]
Winner: Agent(agent_class=<class 'my_custom_player.CustomPlayer'>, name='Custom Agent')
Loser: Agent(agent_class=<class 'sample_players.GreedyPlayer'>, name='Greedy Agent')

INFO:isolation:Status: Status.GAME_OVER
Final State: Isolation(board=36328160530787317038712893918553917, ply_count=55, locs=(26, 86))
History: [<Action.NNE: 25>, <Action.NNE: 25>, <Action.NNE: 25>, <Action.WSW: -11>, <Action.NNE: 25>, <Action.ESE: -15>, <Action.WSW: -11>, <Action.NNE: 25>, <Action.ESE: -15>, <Action.WSW: -11>, <Action.NNE: 25>, <Action.SSE: -27>, <Action.WSW: -11>, <Action.WNW: 15>, <Action.WNW: 15>, <Action.WSW: -11>, <Action.SSE: -27>, <Action.NNW: 27>, <Action.WNW: 15>, <Action.WSW: -11>, <Action.ENE: 11>, <Action.NNE: 25>, <Action.ESE: -15>, <Action.ESE: -15>, <Action.ENE: 11>, <Action.ENE: 11>, <Action.ESE: -15>, <Action.ENE: 11>, <Action.SSW: -25>, <Action.NNW: 27>, <Action.SSW: -25>, <Action.SSW: -25>, <Action.WNW: 15>, <Action.WNW: 15>, <Action.WSW: -11>, <Action.WSW: -11>, <Action.NNW: 27>, <Action.NNE: 25>, <Action.WSW: -11>, <Action.WNW: 15>, <Action.NNE: 25>, <Action.WSW: -11>, <Action.SSE: -27>, <Action.SSE: -27>, <Action.SSE: -27>, <Action.SSE: -27>, <Action.NNE: 25>, <Action.WSW: -11>, <Action.ESE: -15>, <Action.NNE: 25>, <Action.ESE: -15>, <Action.NNE: 25>, <Action.NNE: 25>]
Winner: Agent(agent_class=<class 'my_custom_player.CustomPlayer'>, name='Custom Agent')
Loser: Agent(agent_class=<class 'sample_players.GreedyPlayer'>, name='Greedy Agent')

INFO:isolation:Status: Status.GAME_OVER
Final State: Isolation(board=41521853786574228873526864741689147, ply_count=53, locs=(6, 21))
History: [<Action.WSW: -11>, <Action.NNE: 25>, <Action.WSW: -11>, <Action.WSW: -11>, <Action.NNE: 25>, <Action.SSE: -27>, <Action.SSE: -27>, <Action.NNE: 25>, <Action.WSW: -11>, <Action.WSW: -11>, <Action.WSW: -11>, <Action.WSW: -11>, <Action.WNW: 15>, <Action.WSW: -11>, <Action.NNE: 25>, <Action.WNW: 15>, <Action.ENE: 11>, <Action.ENE: 11>, <Action.ESE: -15>, <Action.NNE: 25>, <Action.SSE: -27>, <Action.ENE: 11>, <Action.WSW: -11>, <Action.SSW: -25>, <Action.NNE: 25>, <Action.SSW: -25>, <Action.NNW: 27>, <Action.NNW: 27>, <Action.WSW: -11>, <Action.ENE: 11>, <Action.WNW: 15>, <Action.NNW: 27>, <Action.SSE: -27>, <Action.ENE: 11>, <Action.SSW: -25>, <Action.SSW: -25>, <Action.ENE: 11>, <Action.WNW: 15>, <Action.SSW: -25>, <Action.SSW: -25>, <Action.ENE: 11>, <Action.WNW: 15>, <Action.ESE: -15>, <Action.NNE: 25>, <Action.ENE: 11>, <Action.SSE: -27>, <Action.SSW: -25>, <Action.SSW: -25>, <Action.WNW: 15>, <Action.SSE: -27>, <Action.WSW: -11>]
Winner: Agent(agent_class=<class 'my_custom_player.CustomPlayer'>, name='Custom Agent')
Loser: Agent(agent_class=<class 'sample_players.GreedyPlayer'>, name='Greedy Agent')

INFO:isolation:Status: Status.GAME_OVER
Final State: Isolation(board=41360748278664597918413720910129071, ply_count=46, locs=(40, 92))
History: [<Action.NNE: 25>, <Action.SSE: -27>, <Action.WSW: -11>, <Action.WSW: -11>, <Action.SSW: -25>, <Action.NNE: 25>, <Action.WSW: -11>, <Action.SSE: -27>, <Action.NNE: 25>, <Action.SSW: -25>, <Action.WSW: -11>, <Action.WNW: 15>, <Action.NNE: 25>, <Action.WNW: 15>, <Action.NNE: 25>, <Action.NNE: 25>, <Action.NNE: 25>, <Action.WSW: -11>, <Action.SSE: -27>, <Action.ESE: -15>, <Action.NNE: 25>, <Action.WSW: -11>, <Action.SSE: -27>, <Action.NNE: 25>, <Action.SSW: -25>, <Action.WSW: -11>, <Action.ESE: -15>, <Action.NNE: 25>, <Action.WSW: -11>, <Action.ESE: -15>, <Action.WSW: -11>, <Action.WSW: -11>, <Action.WNW: 15>, <Action.NNE: 25>, <Action.NNW: 27>, <Action.ENE: 11>, <Action.ENE: 11>, <Action.ENE: 11>, <Action.NNE: 25>, <Action.SSE: -27>, <Action.SSE: -27>, <Action.ESE: -15>, <Action.ESE: -15>, <Action.NNW: 27>]
Winner: Agent(agent_class=<class 'my_custom_player.CustomPlayer'>, name='Custom Agent')
Loser: Agent(agent_class=<class 'sample_players.GreedyPlayer'>, name='Greedy Agent')

INFO:__main__:Your agent won 77.5% of matches against Greedy Agent
